2019-08-14 23:03:16,610 ERROR [main] - System.err - Warning: NLS unused message: IntroLaunchBar_welcome in: org.eclipse.ui.internal.intro.impl.Messages
2019-08-14 23:03:17,857 ERROR [Worker-3] - System.err - Warning: NLS unused message: Pre_neon2_pref_value_everyday in: org.eclipse.equinox.internal.p2.ui.sdk.scheduler.messages
2019-08-14 23:03:19,307 ERROR [main] - System.err - Warning: NLS unused message: RemoveAllTriggerPointsAction_0 in: org.eclipse.debug.internal.ui.actions.ActionMessages
2019-08-14 23:03:19,307 ERROR [main] - System.err - Warning: NLS unused message: RemoveAllTriggerPointsAction_1 in: org.eclipse.debug.internal.ui.actions.ActionMessages
2019-08-14 23:03:19,309 ERROR [main] - System.err - Warning: NLS unused message: RunToLineAction_2 in: org.eclipse.debug.internal.ui.actions.ActionMessages
2019-08-14 23:03:19,309 ERROR [main] - System.err - Warning: NLS unused message: RunToLineAction_3 in: org.eclipse.debug.internal.ui.actions.ActionMessages
2019-08-14 23:03:19,309 ERROR [main] - System.err - Warning: NLS unused message: TerminateAndLaunchFailure in: org.eclipse.debug.internal.ui.actions.ActionMessages
2019-08-14 23:03:19,745 ERROR [main] - System.err - Warning: NLS unused message: RenameInformationPopup_OptionsLink in: org.eclipse.jdt.internal.ui.refactoring.reorg.ReorgMessages
2019-08-14 23:03:20,276 ERROR [main] - System.err - Warning: NLS unused message: NewTypeWizardPage_info_FileExtensionNotRequired in: org.eclipse.jdt.internal.ui.wizards.NewWizardMessages
2019-08-14 23:03:20,276 ERROR [main] - System.err - Warning: NLS unused message: NewAnnotationWizardPage_add_documented in: org.eclipse.jdt.internal.ui.wizards.NewWizardMessages
2019-08-14 23:03:20,276 ERROR [main] - System.err - Warning: NLS unused message: NewAnnotationWizardPage_add_retention in: org.eclipse.jdt.internal.ui.wizards.NewWizardMessages
2019-08-14 23:03:20,276 ERROR [main] - System.err - Warning: NLS unused message: NewAnnotationWizardPage_add_target in: org.eclipse.jdt.internal.ui.wizards.NewWizardMessages
2019-08-14 23:03:20,276 ERROR [main] - System.err - Warning: NLS unused message: LibrariesWorkbookPage_externalAnnotationNeedsNullAnnotationEnabled_title in: org.eclipse.jdt.internal.ui.wizards.NewWizardMessages
2019-08-14 23:03:20,276 ERROR [main] - System.err - Warning: NLS unused message: AnnotationsAttachmentBlock_filename_external_label in: org.eclipse.jdt.internal.ui.wizards.NewWizardMessages
2019-08-14 23:03:20,277 ERROR [main] - System.err - Warning: NLS unused message: AnnotationsAttachmentBlock_filename_externalfile_button in: org.eclipse.jdt.internal.ui.wizards.NewWizardMessages
2019-08-14 23:03:20,277 ERROR [main] - System.err - Warning: NLS unused message: AnnotationsAttachmentBlock_filename_externalfolder_button in: org.eclipse.jdt.internal.ui.wizards.NewWizardMessages
2019-08-14 23:03:20,277 ERROR [main] - System.err - Warning: NLS unused message: AnnotationsAttachmentBlock_external_radiolabel in: org.eclipse.jdt.internal.ui.wizards.NewWizardMessages
2019-08-14 23:03:20,277 ERROR [main] - System.err - Warning: NLS unused message: AnnotationsAttachmentBlock_filename_error_notvalid in: org.eclipse.jdt.internal.ui.wizards.NewWizardMessages
2019-08-14 23:03:20,277 ERROR [main] - System.err - Warning: NLS unused message: AnnotationsAttachmentBlock_filename_error_notabsolute in: org.eclipse.jdt.internal.ui.wizards.NewWizardMessages
2019-08-14 23:03:20,277 ERROR [main] - System.err - Warning: NLS unused message: AnnotationsAttachmentBlock_filename_error_filenotexists in: org.eclipse.jdt.internal.ui.wizards.NewWizardMessages
2019-08-14 23:03:20,277 ERROR [main] - System.err - Warning: NLS unused message: AnnotationsAttachmentBlock_filename_workspace_browse in: org.eclipse.jdt.internal.ui.wizards.NewWizardMessages
2019-08-14 23:03:20,277 ERROR [main] - System.err - Warning: NLS unused message: AnnotationsAttachmentBlock_filename_workspace_label in: org.eclipse.jdt.internal.ui.wizards.NewWizardMessages
2019-08-14 23:03:20,277 ERROR [main] - System.err - Warning: NLS unused message: AnnotationsAttachmentBlock_extjardialog_text in: org.eclipse.jdt.internal.ui.wizards.NewWizardMessages
2019-08-14 23:03:20,277 ERROR [main] - System.err - Warning: NLS unused message: AnnotationsAttachmentBlock_extfolderdialog_text in: org.eclipse.jdt.internal.ui.wizards.NewWizardMessages
2019-08-14 23:03:20,277 ERROR [main] - System.err - Warning: NLS unused message: AnnotationsAttachmentBlock_workspace_radiolabel in: org.eclipse.jdt.internal.ui.wizards.NewWizardMessages
2019-08-14 23:03:20,277 ERROR [main] - System.err - Warning: NLS unused message: ExternalAnnotationsDialog_title in: org.eclipse.jdt.internal.ui.wizards.NewWizardMessages
2019-08-14 23:03:20,277 ERROR [main] - System.err - Warning: NLS unused message: AccessRulesDialog_severity_info in: org.eclipse.jdt.internal.ui.wizards.NewWizardMessages
2019-08-14 23:03:20,278 ERROR [main] - System.err - Warning: NLS unused message: CPListLabelProvider_external_annotations_location_label in: org.eclipse.jdt.internal.ui.wizards.NewWizardMessages
2019-08-14 23:03:20,278 ERROR [main] - System.err - Warning: NLS unused message: BuildPathBasePage_addNow_button in: org.eclipse.jdt.internal.ui.wizards.NewWizardMessages
2019-08-14 23:03:20,278 ERROR [main] - System.err - Warning: NLS unused message: BuildPathBasePage_cancel_button in: org.eclipse.jdt.internal.ui.wizards.NewWizardMessages
2019-08-14 23:03:20,278 ERROR [main] - System.err - Warning: NLS unused message: ModuleDialog_contents_tab in: org.eclipse.jdt.internal.ui.wizards.NewWizardMessages
2019-08-14 23:03:20,278 ERROR [main] - System.err - Warning: NLS unused message: ModuleDialog_details_tab in: org.eclipse.jdt.internal.ui.wizards.NewWizardMessages
2019-08-14 23:03:20,278 ERROR [main] - System.err - Warning: NLS unused message: ModuleDialog_target_module_header in: org.eclipse.jdt.internal.ui.wizards.NewWizardMessages
2019-08-14 23:03:20,278 ERROR [main] - System.err - Warning: NLS unused message: ModuleDialog_package_header in: org.eclipse.jdt.internal.ui.wizards.NewWizardMessages
2019-08-14 23:03:20,278 ERROR [main] - System.err - Warning: NLS unused message: ModuleDialog_source_module_header in: org.eclipse.jdt.internal.ui.wizards.NewWizardMessages
2019-08-14 23:03:20,278 ERROR [main] - System.err - Warning: NLS unused message: ModuleDialog_detail_add in: org.eclipse.jdt.internal.ui.wizards.NewWizardMessages
2019-08-14 23:03:20,278 ERROR [main] - System.err - Warning: NLS unused message: ModuleDialog_detail_edit in: org.eclipse.jdt.internal.ui.wizards.NewWizardMessages
2019-08-14 23:03:20,279 ERROR [main] - System.err - Warning: NLS unused message: ModuleDialog_detail_remove in: org.eclipse.jdt.internal.ui.wizards.NewWizardMessages
2019-08-14 23:03:20,279 ERROR [main] - System.err - Warning: NLS unused message: ModuleDialog_duplicatePackage_error in: org.eclipse.jdt.internal.ui.wizards.NewWizardMessages
2019-08-14 23:03:20,279 ERROR [main] - System.err - Warning: NLS unused message: ModuleDialog_duplicateReads_error in: org.eclipse.jdt.internal.ui.wizards.NewWizardMessages
2019-08-14 23:03:20,279 ERROR [main] - System.err - Warning: NLS unused message: AddExportsBlock_sourceModule_label in: org.eclipse.jdt.internal.ui.wizards.NewWizardMessages
2019-08-14 23:03:20,279 ERROR [main] - System.err - Warning: NLS unused message: AddExportsBlock_package_label in: org.eclipse.jdt.internal.ui.wizards.NewWizardMessages
2019-08-14 23:03:20,279 ERROR [main] - System.err - Warning: NLS unused message: AddExportsBlock_targetModules_label in: org.eclipse.jdt.internal.ui.wizards.NewWizardMessages
2019-08-14 23:03:20,279 ERROR [main] - System.err - Warning: NLS unused message: AddReadsBlock_sourceModule_label in: org.eclipse.jdt.internal.ui.wizards.NewWizardMessages
2019-08-14 23:03:20,279 ERROR [main] - System.err - Warning: NLS unused message: AddReadsBlock_targetModule_label in: org.eclipse.jdt.internal.ui.wizards.NewWizardMessages
2019-08-14 23:03:20,279 ERROR [main] - System.err - Warning: NLS unused message: CPListLabelProvider_module_label in: org.eclipse.jdt.internal.ui.wizards.NewWizardMessages
2019-08-14 23:03:20,279 ERROR [main] - System.err - Warning: NLS unused message: CPListLabelProvider_module_yes in: org.eclipse.jdt.internal.ui.wizards.NewWizardMessages
2019-08-14 23:03:20,279 ERROR [main] - System.err - Warning: NLS unused message: CPListLabelProvider_module_no in: org.eclipse.jdt.internal.ui.wizards.NewWizardMessages
2019-08-14 23:03:20,279 ERROR [main] - System.err - Warning: NLS unused message: CPListLabelProvider_patch_module_full_label in: org.eclipse.jdt.internal.ui.wizards.NewWizardMessages
2019-08-14 23:03:20,279 ERROR [main] - System.err - Warning: NLS unused message: CPListLabelProvider_add_exports_full_label in: org.eclipse.jdt.internal.ui.wizards.NewWizardMessages
2019-08-14 23:03:20,279 ERROR [main] - System.err - Warning: NLS unused message: CPListLabelProvider_add_reads_full_label in: org.eclipse.jdt.internal.ui.wizards.NewWizardMessages
2019-08-14 23:03:20,279 ERROR [main] - System.err - Warning: NLS unused message: CPListLabelProvider_limitModules_full_label in: org.eclipse.jdt.internal.ui.wizards.NewWizardMessages
2019-08-14 23:03:20,279 ERROR [main] - System.err - Warning: NLS unused message: NewModuleInfoWizardPage_description in: org.eclipse.jdt.internal.ui.wizards.NewWizardMessages
2019-08-14 23:03:20,279 ERROR [main] - System.err - Warning: NLS unused message: NewModuleInfoWizardPage_module_label in: org.eclipse.jdt.internal.ui.wizards.NewWizardMessages
2019-08-14 23:03:20,279 ERROR [main] - System.err - Warning: NLS unused message: NewModuleInfoWizardPage_error_InvalidModuleName in: org.eclipse.jdt.internal.ui.wizards.NewWizardMessages
2019-08-14 23:03:20,279 ERROR [main] - System.err - Warning: NLS unused message: NewModuleInfoWizardPage_error_EnterName in: org.eclipse.jdt.internal.ui.wizards.NewWizardMessages
2019-08-14 23:03:20,279 ERROR [main] - System.err - Warning: NLS unused message: NewModuleInfoWizardPage_warning_DiscouragedModuleName in: org.eclipse.jdt.internal.ui.wizards.NewWizardMessages
2019-08-14 23:03:20,279 ERROR [main] - System.err - Warning: NLS unused message: NewModuleInfoWizard_title in: org.eclipse.jdt.internal.ui.wizards.NewWizardMessages
2019-08-14 23:03:20,279 ERROR [main] - System.err - Warning: NLS unused message: NewModuleInfoWizard_updateProject_job in: org.eclipse.jdt.internal.ui.wizards.NewWizardMessages
2019-08-14 23:03:20,279 ERROR [main] - System.err - Warning: NLS unused message: PathRootWorkbookPage_classpath in: org.eclipse.jdt.internal.ui.wizards.NewWizardMessages
2019-08-14 23:03:20,279 ERROR [main] - System.err - Warning: NLS unused message: PathRootWorkbookPage_modulepath in: org.eclipse.jdt.internal.ui.wizards.NewWizardMessages
2019-08-14 23:05:50,907 ERROR [ModalContext] - System.err - Warning: NLS unused message: RunnerBootpathError in: org.eclipse.jdt.internal.launching.LaunchingMessages
2019-08-14 23:05:50,907 ERROR [ModalContext] - System.err - Warning: NLS unused message: RunnerBootpathPError in: org.eclipse.jdt.internal.launching.LaunchingMessages
2019-08-14 23:05:51,719 ERROR [Worker-3] - System.err - Warning: NLS unused message: jobs_returnNoStatus in: org.eclipse.core.internal.jobs.messages
2019-08-14 23:06:28,174 ERROR [main] - System.err - Warning: NLS unused message: ClassFileEditor_changeExternalAnnotations_caption in: org.eclipse.jdt.internal.ui.javaeditor.JavaEditorMessages
2019-08-14 23:06:28,174 ERROR [main] - System.err - Warning: NLS unused message: AnnotateClassFile_label in: org.eclipse.jdt.internal.ui.javaeditor.JavaEditorMessages
2019-08-14 23:06:30,724 ERROR [main] - System.err - Warning: NLS unused message: TracepointToggleAction_Unavailable in: org.eclipse.jdt.internal.debug.ui.actions.ActionMessages
2019-08-14 23:08:04,333 ERROR [main] - System.err - Warning: NLS unused message: CompareContentViewerSwitchingPane_optimizedLinkLabel in: org.eclipse.compare.internal.CompareMessages
2019-08-14 23:15:35,620 ERROR [Text Viewer Hover Presenter] - System.err - Warning: NLS unused message: JavadocHover_fallback_warning in: org.eclipse.jdt.internal.ui.text.java.hover.JavaHoverMessages
2019-08-14 23:16:50,209 ERROR [main] - System.err - Warning: NLS unused message: LocalCorrectionsSubProcessor_implement_method_description in: org.eclipse.jdt.internal.ui.text.correction.CorrectionMessages
2019-08-14 23:16:50,209 ERROR [main] - System.err - Warning: NLS unused message: LocalCorrectionsSubProcessor_override_default_method_description in: org.eclipse.jdt.internal.ui.text.correction.CorrectionMessages
2019-08-14 23:16:50,209 ERROR [main] - System.err - Warning: NLS unused message: LocalCorrectionsSubProcessor_override_method_description in: org.eclipse.jdt.internal.ui.text.correction.CorrectionMessages
2019-08-14 23:16:50,209 ERROR [main] - System.err - Warning: NLS unused message: LocalCorrectionsSubProcessor_replace_with_unqualified_enum_constant in: org.eclipse.jdt.internal.ui.text.correction.CorrectionMessages
2019-08-14 23:16:50,209 ERROR [main] - System.err - Warning: NLS unused message: ConfigureProblemSeveritySubProcessor_name in: org.eclipse.jdt.internal.ui.text.correction.CorrectionMessages
2019-08-15 00:18:48,665 ERROR [Text Viewer Hover Presenter] - System.err - Warning: NLS unused message: JavaDoc2HTMLTextReader_type_parameters_section in: org.eclipse.jdt.internal.ui.text.javadoc.JavaDocMessages
2019-08-15 00:50:33,411 ERROR [main] - System.err - Warning: NLS unused message: JavaJRETab_10 in: org.eclipse.jdt.internal.debug.ui.launcher.LauncherMessages
2019-08-15 00:50:33,411 ERROR [main] - System.err - Warning: NLS unused message: JavaJRETab_11 in: org.eclipse.jdt.internal.debug.ui.launcher.LauncherMessages
2019-08-15 00:50:33,411 ERROR [main] - System.err - Warning: NLS unused message: JavaJRETab_12 in: org.eclipse.jdt.internal.debug.ui.launcher.LauncherMessages
2019-08-15 00:50:33,411 ERROR [main] - System.err - Warning: NLS unused message: JavaJRETab_13 in: org.eclipse.jdt.internal.debug.ui.launcher.LauncherMessages
2019-08-15 00:50:33,411 ERROR [main] - System.err - Warning: NLS unused message: JavaDependenciesTab_0 in: org.eclipse.jdt.internal.debug.ui.launcher.LauncherMessages
2019-08-15 00:50:33,411 ERROR [main] - System.err - Warning: NLS unused message: JavaDependenciesTab_Dependencies_3 in: org.eclipse.jdt.internal.debug.ui.launcher.LauncherMessages
2019-08-15 00:50:33,595 ERROR [main] - System.err - Warning: NLS unused message: GroupLaunch_Cannot_launch in: org.eclipse.debug.internal.ui.DebugUIMessages
2019-08-15 00:50:33,595 ERROR [main] - System.err - Warning: NLS unused message: GroupLaunch_Cycle in: org.eclipse.debug.internal.ui.DebugUIMessages
2019-08-15 00:50:33,595 ERROR [main] - System.err - Warning: NLS unused message: GroupLaunch_Error in: org.eclipse.debug.internal.ui.DebugUIMessages
2019-08-15 00:50:33,595 ERROR [main] - System.err - Warning: NLS unused message: GroupLaunchConfigurationSelectionDialog_0 in: org.eclipse.debug.internal.ui.DebugUIMessages
2019-08-15 00:50:33,595 ERROR [main] - System.err - Warning: NLS unused message: GroupLaunchConfigurationSelectionDialog_4 in: org.eclipse.debug.internal.ui.DebugUIMessages
2019-08-15 00:50:33,595 ERROR [main] - System.err - Warning: NLS unused message: GroupLaunchConfigurationSelectionDialog_5 in: org.eclipse.debug.internal.ui.DebugUIMessages
2019-08-15 00:50:33,595 ERROR [main] - System.err - Warning: NLS unused message: GroupLaunchConfigurationSelectionDialog_7 in: org.eclipse.debug.internal.ui.DebugUIMessages
2019-08-15 00:50:33,595 ERROR [main] - System.err - Warning: NLS unused message: GroupLaunchConfigurationSelectionDialog_8 in: org.eclipse.debug.internal.ui.DebugUIMessages
2019-08-15 00:50:33,595 ERROR [main] - System.err - Warning: NLS unused message: GroupLaunchConfigurationSelectionDialog_9 in: org.eclipse.debug.internal.ui.DebugUIMessages
2019-08-15 00:50:33,595 ERROR [main] - System.err - Warning: NLS unused message: GroupLaunchConfigurationSelectionDialog_1 in: org.eclipse.debug.internal.ui.DebugUIMessages
2019-08-15 00:50:33,595 ERROR [main] - System.err - Warning: NLS unused message: GroupLaunchConfigurationSelectionDialog_10 in: org.eclipse.debug.internal.ui.DebugUIMessages
2019-08-15 00:50:33,595 ERROR [main] - System.err - Warning: NLS unused message: GroupLaunchConfigurationSelectionDialog_11 in: org.eclipse.debug.internal.ui.DebugUIMessages
2019-08-15 00:50:33,595 ERROR [main] - System.err - Warning: NLS unused message: GroupLaunchConfigurationSelectionDialog_12 in: org.eclipse.debug.internal.ui.DebugUIMessages
2019-08-15 00:50:33,595 ERROR [main] - System.err - Warning: NLS unused message: GroupLaunchConfigurationSelectionDialog_13 in: org.eclipse.debug.internal.ui.DebugUIMessages
2019-08-15 00:50:33,595 ERROR [main] - System.err - Warning: NLS unused message: GroupLaunchConfigurationSelectionDialog_14 in: org.eclipse.debug.internal.ui.DebugUIMessages
2019-08-15 00:50:33,595 ERROR [main] - System.err - Warning: NLS unused message: GroupLaunchConfigurationSelectionDialog_15 in: org.eclipse.debug.internal.ui.DebugUIMessages
2019-08-15 00:50:33,595 ERROR [main] - System.err - Warning: NLS unused message: GroupLaunchConfigurationSelectionDialog_adoptTooltip in: org.eclipse.debug.internal.ui.DebugUIMessages
2019-08-15 00:50:33,595 ERROR [main] - System.err - Warning: NLS unused message: GroupLaunchConfigurationSelectionDialog_errorNoRegexp in: org.eclipse.debug.internal.ui.DebugUIMessages
2019-08-15 00:50:33,595 ERROR [main] - System.err - Warning: NLS unused message: GroupLaunchConfigurationSelectionDialog_regexp in: org.eclipse.debug.internal.ui.DebugUIMessages
2019-08-15 00:50:33,595 ERROR [main] - System.err - Warning: NLS unused message: GroupLaunchConfigurationTabGroup_0 in: org.eclipse.debug.internal.ui.DebugUIMessages
2019-08-15 00:50:33,595 ERROR [main] - System.err - Warning: NLS unused message: GroupLaunchConfigurationTabGroup_1 in: org.eclipse.debug.internal.ui.DebugUIMessages
2019-08-15 00:50:33,595 ERROR [main] - System.err - Warning: NLS unused message: GroupLaunchConfigurationTabGroup_2 in: org.eclipse.debug.internal.ui.DebugUIMessages
2019-08-15 00:50:33,595 ERROR [main] - System.err - Warning: NLS unused message: GroupLaunchConfigurationTabGroup_3 in: org.eclipse.debug.internal.ui.DebugUIMessages
2019-08-15 00:50:33,595 ERROR [main] - System.err - Warning: NLS unused message: GroupLaunchConfigurationTabGroup_4 in: org.eclipse.debug.internal.ui.DebugUIMessages
2019-08-15 00:50:33,595 ERROR [main] - System.err - Warning: NLS unused message: GroupLaunchConfigurationTabGroup_5 in: org.eclipse.debug.internal.ui.DebugUIMessages
2019-08-15 00:50:33,595 ERROR [main] - System.err - Warning: NLS unused message: GroupLaunchConfigurationTabGroup_6 in: org.eclipse.debug.internal.ui.DebugUIMessages
2019-08-15 00:50:33,595 ERROR [main] - System.err - Warning: NLS unused message: GroupLaunchConfigurationTabGroup_7 in: org.eclipse.debug.internal.ui.DebugUIMessages
2019-08-15 00:50:33,595 ERROR [main] - System.err - Warning: NLS unused message: GroupLaunchConfigurationTabGroup_10 in: org.eclipse.debug.internal.ui.DebugUIMessages
2019-08-15 00:50:33,595 ERROR [main] - System.err - Warning: NLS unused message: GroupLaunchConfigurationTabGroup_12 in: org.eclipse.debug.internal.ui.DebugUIMessages
2019-08-15 00:50:33,595 ERROR [main] - System.err - Warning: NLS unused message: GroupLaunchConfigurationTabGroup_13 in: org.eclipse.debug.internal.ui.DebugUIMessages
2019-08-15 00:50:33,595 ERROR [main] - System.err - Warning: NLS unused message: GroupLaunchConfigurationTabGroup_14 in: org.eclipse.debug.internal.ui.DebugUIMessages
2019-08-15 00:50:33,595 ERROR [main] - System.err - Warning: NLS unused message: GroupLaunchConfigurationTabGroup_15 in: org.eclipse.debug.internal.ui.DebugUIMessages
2019-08-15 00:50:33,595 ERROR [main] - System.err - Warning: NLS unused message: GroupLaunchConfigurationTabGroup_16 in: org.eclipse.debug.internal.ui.DebugUIMessages
2019-08-15 00:50:33,665 ERROR [Worker-13] - System.err - Warning: NLS unused message: JavaDebugPreferencePage_Enable_hot_code_replace_1 in: org.eclipse.jdt.internal.debug.ui.DebugUIMessages
2019-08-15 00:50:33,665 ERROR [Worker-13] - System.err - Warning: NLS unused message: JavaDebugPreferencePage_ShowStepResult_1 in: org.eclipse.jdt.internal.debug.ui.DebugUIMessages
2019-08-15 00:50:33,665 ERROR [Worker-13] - System.err - Warning: NLS unused message: JavaDebugPreferencePage_filterUnrelatedBreakpoints in: org.eclipse.jdt.internal.debug.ui.DebugUIMessages
2019-08-15 00:50:33,715 ERROR [main] - System.err - Warning: NLS unused message: CommonTab_Invalid_stdin_file_location_15 in: org.eclipse.debug.internal.ui.launchConfigurations.LaunchConfigurationsMessages
2019-08-15 00:50:33,715 ERROR [main] - System.err - Warning: NLS unused message: CommonTab_Select_a_location_for_the_Input_File_15 in: org.eclipse.debug.internal.ui.launchConfigurations.LaunchConfigurationsMessages
2019-08-15 00:50:33,715 ERROR [main] - System.err - Warning: NLS unused message: CommonTab_16 in: org.eclipse.debug.internal.ui.launchConfigurations.LaunchConfigurationsMessages
2019-08-15 00:50:33,715 ERROR [main] - System.err - Warning: NLS unused message: CommonTab_17 in: org.eclipse.debug.internal.ui.launchConfigurations.LaunchConfigurationsMessages
2019-08-15 00:50:33,715 ERROR [main] - System.err - Warning: NLS unused message: CommonTab_18 in: org.eclipse.debug.internal.ui.launchConfigurations.LaunchConfigurationsMessages
2019-08-15 00:50:33,715 ERROR [main] - System.err - Warning: NLS unused message: CommonTab_19 in: org.eclipse.debug.internal.ui.launchConfigurations.LaunchConfigurationsMessages
2019-08-15 00:50:33,715 ERROR [main] - System.err - Warning: NLS unused message: CommonTab_20 in: org.eclipse.debug.internal.ui.launchConfigurations.LaunchConfigurationsMessages
2019-08-15 00:50:37,546 ERROR [Worker-11] - System.err - Warning: NLS unused message: ProcessConsole_3 in: org.eclipse.debug.internal.ui.views.console.ConsoleMessages
2019-08-15 00:50:37,546 ERROR [main] - System.err - Warning: NLS unused message: WordWrapAction_0 in: org.eclipse.ui.internal.console.ConsoleMessages
2019-08-15 00:50:37,546 ERROR [main] - System.err - Warning: NLS unused message: WordWrapAction_1 in: org.eclipse.ui.internal.console.ConsoleMessages
2019-08-15 00:54:17,229 ERROR [Worker-6] - System.err - Warning: NLS unused message: SocketListeningConnectorImpl_Limit in: org.eclipse.jdi.internal.connect.ConnectMessages
2019-08-15 00:54:17,229 ERROR [Worker-6] - System.err - Warning: NLS unused message: SocketListeningConnectorImpl_Limit_incoming_connections in: org.eclipse.jdi.internal.connect.ConnectMessages
2019-08-15 00:54:17,448 ERROR [Listening Connector] - System.err - Warning: NLS unused message: InterfaceTypeImpl_Static_interface_methods_require_newer_JVM in: org.eclipse.jdi.internal.JDIMessages
2019-08-15 00:54:17,546 ERROR [Worker-11] - System.err - Warning: NLS unused message: JDIStackFrame_ReturnValue in: org.eclipse.jdt.internal.debug.core.model.JDIDebugModelMessages
2019-08-15 00:54:17,546 ERROR [Worker-11] - System.err - Warning: NLS unused message: JDIStackFrame_ExceptionThrown in: org.eclipse.jdt.internal.debug.core.model.JDIDebugModelMessages
2019-08-15 00:54:17,546 ERROR [Worker-11] - System.err - Warning: NLS unused message: JDIStackFrame_NoMethodReturnValue in: org.eclipse.jdt.internal.debug.core.model.JDIDebugModelMessages
2019-08-15 13:32:01,098 ERROR [Worker-1] - System.err - Warning: NLS unused message: RunnerBootpathError in: org.eclipse.jdt.internal.launching.LaunchingMessages
2019-08-15 13:32:01,118 ERROR [Worker-1] - System.err - Warning: NLS unused message: RunnerBootpathPError in: org.eclipse.jdt.internal.launching.LaunchingMessages
2019-08-15 13:32:01,248 ERROR [main] - System.err - Warning: NLS unused message: WorkingSetRootModeActionGroup_Show_Others_working_set in: org.eclipse.ui.internal.navigator.resources.plugin.messages
2019-08-15 13:32:01,248 ERROR [main] - System.err - Warning: NLS unused message: workingSet_others in: org.eclipse.ui.internal.navigator.resources.plugin.messages
2019-08-15 13:32:01,258 ERROR [main] - System.err - Warning: NLS unused message: FilterActionGroup_RecentFilters in: org.eclipse.ui.internal.navigator.messages
2019-08-15 13:32:01,908 ERROR [main] - System.err - Warning: NLS unused message: ClassFileEditor_changeExternalAnnotations_caption in: org.eclipse.jdt.internal.ui.javaeditor.JavaEditorMessages
2019-08-15 13:32:01,908 ERROR [main] - System.err - Warning: NLS unused message: AnnotateClassFile_label in: org.eclipse.jdt.internal.ui.javaeditor.JavaEditorMessages
2019-08-15 13:32:03,938 ERROR [main] - System.err - Warning: NLS unused message: CreateModuleInfoAction_error_message_compliance in: org.eclipse.jdt.internal.ui.actions.ActionMessages
2019-08-15 13:32:03,938 ERROR [main] - System.err - Warning: NLS unused message: CreateModuleInfoAction_error_title in: org.eclipse.jdt.internal.ui.actions.ActionMessages
2019-08-15 13:32:04,448 ERROR [main] - System.err - Warning: NLS unused message: RenameInformationPopup_OptionsLink in: org.eclipse.jdt.internal.ui.refactoring.reorg.ReorgMessages
2019-08-15 13:32:05,758 ERROR [main] - System.err - Warning: NLS unused message: WordWrapAction_0 in: org.eclipse.ui.internal.console.ConsoleMessages
2019-08-15 13:32:05,758 ERROR [main] - System.err - Warning: NLS unused message: WordWrapAction_1 in: org.eclipse.ui.internal.console.ConsoleMessages
2019-08-15 13:32:05,948 ERROR [main] - System.err - Warning: NLS unused message: TextEditorPreferencePage_enableWordWrap in: org.eclipse.ui.internal.editors.text.TextEditorMessages
2019-08-15 13:32:07,018 ERROR [Worker-2] - System.err - Warning: NLS unused message: Pre_neon2_pref_value_everyday in: org.eclipse.equinox.internal.p2.ui.sdk.scheduler.messages
2019-08-15 13:32:10,348 ERROR [main] - System.err - Warning: NLS unused message: RemoveAllTriggerPointsAction_0 in: org.eclipse.debug.internal.ui.actions.ActionMessages
2019-08-15 13:32:10,348 ERROR [main] - System.err - Warning: NLS unused message: RemoveAllTriggerPointsAction_1 in: org.eclipse.debug.internal.ui.actions.ActionMessages
2019-08-15 13:32:10,348 ERROR [main] - System.err - Warning: NLS unused message: RunToLineAction_2 in: org.eclipse.debug.internal.ui.actions.ActionMessages
2019-08-15 13:32:10,348 ERROR [main] - System.err - Warning: NLS unused message: RunToLineAction_3 in: org.eclipse.debug.internal.ui.actions.ActionMessages
2019-08-15 13:32:10,348 ERROR [main] - System.err - Warning: NLS unused message: TerminateAndLaunchFailure in: org.eclipse.debug.internal.ui.actions.ActionMessages
2019-08-15 13:32:13,468 ERROR [Worker-7] - System.err - Warning: NLS unused message: jobs_returnNoStatus in: org.eclipse.core.internal.jobs.messages
2019-08-15 13:32:25,628 ERROR [main] - System.err - Warning: NLS unused message: TracepointToggleAction_Unavailable in: org.eclipse.jdt.internal.debug.ui.actions.ActionMessages
2019-08-15 13:32:31,378 ERROR [main] - System.err - Warning: NLS unused message: JavadocHover_fallback_warning in: org.eclipse.jdt.internal.ui.text.java.hover.JavaHoverMessages
2019-08-15 18:30:54,513 ERROR [main] - System.err - Warning: NLS unused message: NewTypeWizardPage_info_FileExtensionNotRequired in: org.eclipse.jdt.internal.ui.wizards.NewWizardMessages
2019-08-15 18:30:54,513 ERROR [main] - System.err - Warning: NLS unused message: NewAnnotationWizardPage_add_documented in: org.eclipse.jdt.internal.ui.wizards.NewWizardMessages
2019-08-15 18:30:54,513 ERROR [main] - System.err - Warning: NLS unused message: NewAnnotationWizardPage_add_retention in: org.eclipse.jdt.internal.ui.wizards.NewWizardMessages
2019-08-15 18:30:54,513 ERROR [main] - System.err - Warning: NLS unused message: NewAnnotationWizardPage_add_target in: org.eclipse.jdt.internal.ui.wizards.NewWizardMessages
2019-08-15 18:30:54,513 ERROR [main] - System.err - Warning: NLS unused message: LibrariesWorkbookPage_externalAnnotationNeedsNullAnnotationEnabled_title in: org.eclipse.jdt.internal.ui.wizards.NewWizardMessages
2019-08-15 18:30:54,513 ERROR [main] - System.err - Warning: NLS unused message: AnnotationsAttachmentBlock_filename_external_label in: org.eclipse.jdt.internal.ui.wizards.NewWizardMessages
2019-08-15 18:30:54,513 ERROR [main] - System.err - Warning: NLS unused message: AnnotationsAttachmentBlock_filename_externalfile_button in: org.eclipse.jdt.internal.ui.wizards.NewWizardMessages
2019-08-15 18:30:54,513 ERROR [main] - System.err - Warning: NLS unused message: AnnotationsAttachmentBlock_filename_externalfolder_button in: org.eclipse.jdt.internal.ui.wizards.NewWizardMessages
2019-08-15 18:30:54,513 ERROR [main] - System.err - Warning: NLS unused message: AnnotationsAttachmentBlock_external_radiolabel in: org.eclipse.jdt.internal.ui.wizards.NewWizardMessages
2019-08-15 18:30:54,513 ERROR [main] - System.err - Warning: NLS unused message: AnnotationsAttachmentBlock_filename_error_notvalid in: org.eclipse.jdt.internal.ui.wizards.NewWizardMessages
2019-08-15 18:30:54,513 ERROR [main] - System.err - Warning: NLS unused message: AnnotationsAttachmentBlock_filename_error_notabsolute in: org.eclipse.jdt.internal.ui.wizards.NewWizardMessages
2019-08-15 18:30:54,513 ERROR [main] - System.err - Warning: NLS unused message: AnnotationsAttachmentBlock_filename_error_filenotexists in: org.eclipse.jdt.internal.ui.wizards.NewWizardMessages
2019-08-15 18:30:54,513 ERROR [main] - System.err - Warning: NLS unused message: AnnotationsAttachmentBlock_filename_workspace_browse in: org.eclipse.jdt.internal.ui.wizards.NewWizardMessages
2019-08-15 18:30:54,513 ERROR [main] - System.err - Warning: NLS unused message: AnnotationsAttachmentBlock_filename_workspace_label in: org.eclipse.jdt.internal.ui.wizards.NewWizardMessages
2019-08-15 18:30:54,513 ERROR [main] - System.err - Warning: NLS unused message: AnnotationsAttachmentBlock_extjardialog_text in: org.eclipse.jdt.internal.ui.wizards.NewWizardMessages
2019-08-15 18:30:54,513 ERROR [main] - System.err - Warning: NLS unused message: AnnotationsAttachmentBlock_extfolderdialog_text in: org.eclipse.jdt.internal.ui.wizards.NewWizardMessages
2019-08-15 18:30:54,513 ERROR [main] - System.err - Warning: NLS unused message: AnnotationsAttachmentBlock_workspace_radiolabel in: org.eclipse.jdt.internal.ui.wizards.NewWizardMessages
2019-08-15 18:30:54,513 ERROR [main] - System.err - Warning: NLS unused message: ExternalAnnotationsDialog_title in: org.eclipse.jdt.internal.ui.wizards.NewWizardMessages
2019-08-15 18:30:54,513 ERROR [main] - System.err - Warning: NLS unused message: AccessRulesDialog_severity_info in: org.eclipse.jdt.internal.ui.wizards.NewWizardMessages
2019-08-15 18:30:54,513 ERROR [main] - System.err - Warning: NLS unused message: CPListLabelProvider_external_annotations_location_label in: org.eclipse.jdt.internal.ui.wizards.NewWizardMessages
2019-08-15 18:30:54,513 ERROR [main] - System.err - Warning: NLS unused message: BuildPathBasePage_addNow_button in: org.eclipse.jdt.internal.ui.wizards.NewWizardMessages
2019-08-15 18:30:54,513 ERROR [main] - System.err - Warning: NLS unused message: BuildPathBasePage_cancel_button in: org.eclipse.jdt.internal.ui.wizards.NewWizardMessages
2019-08-15 18:30:54,513 ERROR [main] - System.err - Warning: NLS unused message: ModuleDialog_contents_tab in: org.eclipse.jdt.internal.ui.wizards.NewWizardMessages
2019-08-15 18:30:54,513 ERROR [main] - System.err - Warning: NLS unused message: ModuleDialog_details_tab in: org.eclipse.jdt.internal.ui.wizards.NewWizardMessages
2019-08-15 18:30:54,513 ERROR [main] - System.err - Warning: NLS unused message: ModuleDialog_target_module_header in: org.eclipse.jdt.internal.ui.wizards.NewWizardMessages
2019-08-15 18:30:54,513 ERROR [main] - System.err - Warning: NLS unused message: ModuleDialog_package_header in: org.eclipse.jdt.internal.ui.wizards.NewWizardMessages
2019-08-15 18:30:54,513 ERROR [main] - System.err - Warning: NLS unused message: ModuleDialog_source_module_header in: org.eclipse.jdt.internal.ui.wizards.NewWizardMessages
2019-08-15 18:30:54,513 ERROR [main] - System.err - Warning: NLS unused message: ModuleDialog_detail_add in: org.eclipse.jdt.internal.ui.wizards.NewWizardMessages
2019-08-15 18:30:54,513 ERROR [main] - System.err - Warning: NLS unused message: ModuleDialog_detail_edit in: org.eclipse.jdt.internal.ui.wizards.NewWizardMessages
2019-08-15 18:30:54,513 ERROR [main] - System.err - Warning: NLS unused message: ModuleDialog_detail_remove in: org.eclipse.jdt.internal.ui.wizards.NewWizardMessages
2019-08-15 18:30:54,513 ERROR [main] - System.err - Warning: NLS unused message: ModuleDialog_duplicatePackage_error in: org.eclipse.jdt.internal.ui.wizards.NewWizardMessages
2019-08-15 18:30:54,513 ERROR [main] - System.err - Warning: NLS unused message: ModuleDialog_duplicateReads_error in: org.eclipse.jdt.internal.ui.wizards.NewWizardMessages
2019-08-15 18:30:54,513 ERROR [main] - System.err - Warning: NLS unused message: AddExportsBlock_sourceModule_label in: org.eclipse.jdt.internal.ui.wizards.NewWizardMessages
2019-08-15 18:30:54,513 ERROR [main] - System.err - Warning: NLS unused message: AddExportsBlock_package_label in: org.eclipse.jdt.internal.ui.wizards.NewWizardMessages
2019-08-15 18:30:54,513 ERROR [main] - System.err - Warning: NLS unused message: AddExportsBlock_targetModules_label in: org.eclipse.jdt.internal.ui.wizards.NewWizardMessages
2019-08-15 18:30:54,513 ERROR [main] - System.err - Warning: NLS unused message: AddReadsBlock_sourceModule_label in: org.eclipse.jdt.internal.ui.wizards.NewWizardMessages
2019-08-15 18:30:54,513 ERROR [main] - System.err - Warning: NLS unused message: AddReadsBlock_targetModule_label in: org.eclipse.jdt.internal.ui.wizards.NewWizardMessages
2019-08-15 18:30:54,513 ERROR [main] - System.err - Warning: NLS unused message: CPListLabelProvider_module_label in: org.eclipse.jdt.internal.ui.wizards.NewWizardMessages
2019-08-15 18:30:54,513 ERROR [main] - System.err - Warning: NLS unused message: CPListLabelProvider_module_yes in: org.eclipse.jdt.internal.ui.wizards.NewWizardMessages
2019-08-15 18:30:54,513 ERROR [main] - System.err - Warning: NLS unused message: CPListLabelProvider_module_no in: org.eclipse.jdt.internal.ui.wizards.NewWizardMessages
2019-08-15 18:30:54,513 ERROR [main] - System.err - Warning: NLS unused message: CPListLabelProvider_patch_module_full_label in: org.eclipse.jdt.internal.ui.wizards.NewWizardMessages
2019-08-15 18:30:54,513 ERROR [main] - System.err - Warning: NLS unused message: CPListLabelProvider_add_exports_full_label in: org.eclipse.jdt.internal.ui.wizards.NewWizardMessages
2019-08-15 18:30:54,513 ERROR [main] - System.err - Warning: NLS unused message: CPListLabelProvider_add_reads_full_label in: org.eclipse.jdt.internal.ui.wizards.NewWizardMessages
2019-08-15 18:30:54,513 ERROR [main] - System.err - Warning: NLS unused message: CPListLabelProvider_limitModules_full_label in: org.eclipse.jdt.internal.ui.wizards.NewWizardMessages
2019-08-15 18:30:54,513 ERROR [main] - System.err - Warning: NLS unused message: NewModuleInfoWizardPage_description in: org.eclipse.jdt.internal.ui.wizards.NewWizardMessages
2019-08-15 18:30:54,513 ERROR [main] - System.err - Warning: NLS unused message: NewModuleInfoWizardPage_module_label in: org.eclipse.jdt.internal.ui.wizards.NewWizardMessages
2019-08-15 18:30:54,513 ERROR [main] - System.err - Warning: NLS unused message: NewModuleInfoWizardPage_error_InvalidModuleName in: org.eclipse.jdt.internal.ui.wizards.NewWizardMessages
2019-08-15 18:30:54,513 ERROR [main] - System.err - Warning: NLS unused message: NewModuleInfoWizardPage_error_EnterName in: org.eclipse.jdt.internal.ui.wizards.NewWizardMessages
2019-08-15 18:30:54,513 ERROR [main] - System.err - Warning: NLS unused message: NewModuleInfoWizardPage_warning_DiscouragedModuleName in: org.eclipse.jdt.internal.ui.wizards.NewWizardMessages
2019-08-15 18:30:54,513 ERROR [main] - System.err - Warning: NLS unused message: NewModuleInfoWizard_title in: org.eclipse.jdt.internal.ui.wizards.NewWizardMessages
2019-08-15 18:30:54,513 ERROR [main] - System.err - Warning: NLS unused message: NewModuleInfoWizard_updateProject_job in: org.eclipse.jdt.internal.ui.wizards.NewWizardMessages
2019-08-15 18:30:54,513 ERROR [main] - System.err - Warning: NLS unused message: PathRootWorkbookPage_classpath in: org.eclipse.jdt.internal.ui.wizards.NewWizardMessages
2019-08-15 18:30:54,513 ERROR [main] - System.err - Warning: NLS unused message: PathRootWorkbookPage_modulepath in: org.eclipse.jdt.internal.ui.wizards.NewWizardMessages
2019-08-15 18:31:09,774 ERROR [main] - System.err - Warning: NLS unused message: JavaJRETab_10 in: org.eclipse.jdt.internal.debug.ui.launcher.LauncherMessages
2019-08-15 18:31:09,774 ERROR [main] - System.err - Warning: NLS unused message: JavaJRETab_11 in: org.eclipse.jdt.internal.debug.ui.launcher.LauncherMessages
2019-08-15 18:31:09,774 ERROR [main] - System.err - Warning: NLS unused message: JavaJRETab_12 in: org.eclipse.jdt.internal.debug.ui.launcher.LauncherMessages
2019-08-15 18:31:09,774 ERROR [main] - System.err - Warning: NLS unused message: JavaJRETab_13 in: org.eclipse.jdt.internal.debug.ui.launcher.LauncherMessages
2019-08-15 18:31:09,774 ERROR [main] - System.err - Warning: NLS unused message: JavaDependenciesTab_0 in: org.eclipse.jdt.internal.debug.ui.launcher.LauncherMessages
2019-08-15 18:31:09,774 ERROR [main] - System.err - Warning: NLS unused message: JavaDependenciesTab_Dependencies_3 in: org.eclipse.jdt.internal.debug.ui.launcher.LauncherMessages
2019-08-15 18:31:10,144 ERROR [main] - System.err - Warning: NLS unused message: GroupLaunch_Cannot_launch in: org.eclipse.debug.internal.ui.DebugUIMessages
2019-08-15 18:31:10,144 ERROR [main] - System.err - Warning: NLS unused message: GroupLaunch_Cycle in: org.eclipse.debug.internal.ui.DebugUIMessages
2019-08-15 18:31:10,144 ERROR [main] - System.err - Warning: NLS unused message: GroupLaunch_Error in: org.eclipse.debug.internal.ui.DebugUIMessages
2019-08-15 18:31:10,144 ERROR [main] - System.err - Warning: NLS unused message: GroupLaunchConfigurationSelectionDialog_0 in: org.eclipse.debug.internal.ui.DebugUIMessages
2019-08-15 18:31:10,144 ERROR [main] - System.err - Warning: NLS unused message: GroupLaunchConfigurationSelectionDialog_4 in: org.eclipse.debug.internal.ui.DebugUIMessages
2019-08-15 18:31:10,144 ERROR [main] - System.err - Warning: NLS unused message: GroupLaunchConfigurationSelectionDialog_5 in: org.eclipse.debug.internal.ui.DebugUIMessages
2019-08-15 18:31:10,144 ERROR [main] - System.err - Warning: NLS unused message: GroupLaunchConfigurationSelectionDialog_7 in: org.eclipse.debug.internal.ui.DebugUIMessages
2019-08-15 18:31:10,144 ERROR [main] - System.err - Warning: NLS unused message: GroupLaunchConfigurationSelectionDialog_8 in: org.eclipse.debug.internal.ui.DebugUIMessages
2019-08-15 18:31:10,144 ERROR [main] - System.err - Warning: NLS unused message: GroupLaunchConfigurationSelectionDialog_9 in: org.eclipse.debug.internal.ui.DebugUIMessages
2019-08-15 18:31:10,144 ERROR [main] - System.err - Warning: NLS unused message: GroupLaunchConfigurationSelectionDialog_1 in: org.eclipse.debug.internal.ui.DebugUIMessages
2019-08-15 18:31:10,144 ERROR [main] - System.err - Warning: NLS unused message: GroupLaunchConfigurationSelectionDialog_10 in: org.eclipse.debug.internal.ui.DebugUIMessages
2019-08-15 18:31:10,144 ERROR [main] - System.err - Warning: NLS unused message: GroupLaunchConfigurationSelectionDialog_11 in: org.eclipse.debug.internal.ui.DebugUIMessages
2019-08-15 18:31:10,144 ERROR [main] - System.err - Warning: NLS unused message: GroupLaunchConfigurationSelectionDialog_12 in: org.eclipse.debug.internal.ui.DebugUIMessages
2019-08-15 18:31:10,144 ERROR [main] - System.err - Warning: NLS unused message: GroupLaunchConfigurationSelectionDialog_13 in: org.eclipse.debug.internal.ui.DebugUIMessages
2019-08-15 18:31:10,144 ERROR [main] - System.err - Warning: NLS unused message: GroupLaunchConfigurationSelectionDialog_14 in: org.eclipse.debug.internal.ui.DebugUIMessages
2019-08-15 18:31:10,144 ERROR [main] - System.err - Warning: NLS unused message: GroupLaunchConfigurationSelectionDialog_15 in: org.eclipse.debug.internal.ui.DebugUIMessages
2019-08-15 18:31:10,144 ERROR [main] - System.err - Warning: NLS unused message: GroupLaunchConfigurationSelectionDialog_adoptTooltip in: org.eclipse.debug.internal.ui.DebugUIMessages
2019-08-15 18:31:10,144 ERROR [main] - System.err - Warning: NLS unused message: GroupLaunchConfigurationSelectionDialog_errorNoRegexp in: org.eclipse.debug.internal.ui.DebugUIMessages
2019-08-15 18:31:10,144 ERROR [main] - System.err - Warning: NLS unused message: GroupLaunchConfigurationSelectionDialog_regexp in: org.eclipse.debug.internal.ui.DebugUIMessages
2019-08-15 18:31:10,144 ERROR [main] - System.err - Warning: NLS unused message: GroupLaunchConfigurationTabGroup_0 in: org.eclipse.debug.internal.ui.DebugUIMessages
2019-08-15 18:31:10,144 ERROR [main] - System.err - Warning: NLS unused message: GroupLaunchConfigurationTabGroup_1 in: org.eclipse.debug.internal.ui.DebugUIMessages
2019-08-15 18:31:10,144 ERROR [main] - System.err - Warning: NLS unused message: GroupLaunchConfigurationTabGroup_2 in: org.eclipse.debug.internal.ui.DebugUIMessages
2019-08-15 18:31:10,144 ERROR [main] - System.err - Warning: NLS unused message: GroupLaunchConfigurationTabGroup_3 in: org.eclipse.debug.internal.ui.DebugUIMessages
2019-08-15 18:31:10,144 ERROR [main] - System.err - Warning: NLS unused message: GroupLaunchConfigurationTabGroup_4 in: org.eclipse.debug.internal.ui.DebugUIMessages
2019-08-15 18:31:10,144 ERROR [main] - System.err - Warning: NLS unused message: GroupLaunchConfigurationTabGroup_5 in: org.eclipse.debug.internal.ui.DebugUIMessages
2019-08-15 18:31:10,144 ERROR [main] - System.err - Warning: NLS unused message: GroupLaunchConfigurationTabGroup_6 in: org.eclipse.debug.internal.ui.DebugUIMessages
2019-08-15 18:31:10,144 ERROR [main] - System.err - Warning: NLS unused message: GroupLaunchConfigurationTabGroup_7 in: org.eclipse.debug.internal.ui.DebugUIMessages
2019-08-15 18:31:10,144 ERROR [main] - System.err - Warning: NLS unused message: GroupLaunchConfigurationTabGroup_10 in: org.eclipse.debug.internal.ui.DebugUIMessages
2019-08-15 18:31:10,144 ERROR [main] - System.err - Warning: NLS unused message: GroupLaunchConfigurationTabGroup_12 in: org.eclipse.debug.internal.ui.DebugUIMessages
2019-08-15 18:31:10,144 ERROR [main] - System.err - Warning: NLS unused message: GroupLaunchConfigurationTabGroup_13 in: org.eclipse.debug.internal.ui.DebugUIMessages
2019-08-15 18:31:10,144 ERROR [main] - System.err - Warning: NLS unused message: GroupLaunchConfigurationTabGroup_14 in: org.eclipse.debug.internal.ui.DebugUIMessages
2019-08-15 18:31:10,144 ERROR [main] - System.err - Warning: NLS unused message: GroupLaunchConfigurationTabGroup_15 in: org.eclipse.debug.internal.ui.DebugUIMessages
2019-08-15 18:31:10,144 ERROR [main] - System.err - Warning: NLS unused message: GroupLaunchConfigurationTabGroup_16 in: org.eclipse.debug.internal.ui.DebugUIMessages
2019-08-15 18:31:10,234 ERROR [Worker-10] - System.err - Warning: NLS unused message: JavaDebugPreferencePage_Enable_hot_code_replace_1 in: org.eclipse.jdt.internal.debug.ui.DebugUIMessages
2019-08-15 18:31:10,234 ERROR [Worker-10] - System.err - Warning: NLS unused message: JavaDebugPreferencePage_ShowStepResult_1 in: org.eclipse.jdt.internal.debug.ui.DebugUIMessages
2019-08-15 18:31:10,234 ERROR [Worker-10] - System.err - Warning: NLS unused message: JavaDebugPreferencePage_filterUnrelatedBreakpoints in: org.eclipse.jdt.internal.debug.ui.DebugUIMessages
2019-08-15 18:31:10,534 ERROR [Worker-10] - System.err - Warning: NLS unused message: ProcessConsole_3 in: org.eclipse.debug.internal.ui.views.console.ConsoleMessages
2019-08-15 21:05:44,250 ERROR [Worker-2] - System.err - Warning: NLS unused message: RunnerBootpathError in: org.eclipse.jdt.internal.launching.LaunchingMessages
2019-08-15 21:05:44,260 ERROR [Worker-2] - System.err - Warning: NLS unused message: RunnerBootpathPError in: org.eclipse.jdt.internal.launching.LaunchingMessages
2019-08-15 21:05:44,380 ERROR [main] - System.err - Warning: NLS unused message: WorkingSetRootModeActionGroup_Show_Others_working_set in: org.eclipse.ui.internal.navigator.resources.plugin.messages
2019-08-15 21:05:44,390 ERROR [main] - System.err - Warning: NLS unused message: workingSet_others in: org.eclipse.ui.internal.navigator.resources.plugin.messages
2019-08-15 21:05:44,400 ERROR [main] - System.err - Warning: NLS unused message: FilterActionGroup_RecentFilters in: org.eclipse.ui.internal.navigator.messages
2019-08-15 21:05:45,180 ERROR [main] - System.err - Warning: NLS unused message: ClassFileEditor_changeExternalAnnotations_caption in: org.eclipse.jdt.internal.ui.javaeditor.JavaEditorMessages
2019-08-15 21:05:45,180 ERROR [main] - System.err - Warning: NLS unused message: AnnotateClassFile_label in: org.eclipse.jdt.internal.ui.javaeditor.JavaEditorMessages
2019-08-15 21:05:47,520 ERROR [main] - System.err - Warning: NLS unused message: CreateModuleInfoAction_error_message_compliance in: org.eclipse.jdt.internal.ui.actions.ActionMessages
2019-08-15 21:05:47,520 ERROR [main] - System.err - Warning: NLS unused message: CreateModuleInfoAction_error_title in: org.eclipse.jdt.internal.ui.actions.ActionMessages
2019-08-15 21:05:47,981 ERROR [main] - System.err - Warning: NLS unused message: RenameInformationPopup_OptionsLink in: org.eclipse.jdt.internal.ui.refactoring.reorg.ReorgMessages
2019-08-15 21:05:48,641 ERROR [main] - System.err - Warning: NLS unused message: WordWrapAction_0 in: org.eclipse.ui.internal.console.ConsoleMessages
2019-08-15 21:05:48,641 ERROR [main] - System.err - Warning: NLS unused message: WordWrapAction_1 in: org.eclipse.ui.internal.console.ConsoleMessages
2019-08-15 21:05:50,291 ERROR [main] - System.err - Warning: NLS unused message: TextEditorPreferencePage_enableWordWrap in: org.eclipse.ui.internal.editors.text.TextEditorMessages
2019-08-15 21:05:51,291 ERROR [Worker-1] - System.err - Warning: NLS unused message: Pre_neon2_pref_value_everyday in: org.eclipse.equinox.internal.p2.ui.sdk.scheduler.messages
2019-08-15 21:05:54,731 ERROR [main] - System.err - Warning: NLS unused message: RemoveAllTriggerPointsAction_0 in: org.eclipse.debug.internal.ui.actions.ActionMessages
2019-08-15 21:05:54,731 ERROR [main] - System.err - Warning: NLS unused message: RemoveAllTriggerPointsAction_1 in: org.eclipse.debug.internal.ui.actions.ActionMessages
2019-08-15 21:05:54,731 ERROR [main] - System.err - Warning: NLS unused message: RunToLineAction_2 in: org.eclipse.debug.internal.ui.actions.ActionMessages
2019-08-15 21:05:54,731 ERROR [main] - System.err - Warning: NLS unused message: RunToLineAction_3 in: org.eclipse.debug.internal.ui.actions.ActionMessages
2019-08-15 21:05:54,731 ERROR [main] - System.err - Warning: NLS unused message: TerminateAndLaunchFailure in: org.eclipse.debug.internal.ui.actions.ActionMessages
2019-08-15 21:05:55,371 ERROR [Worker-5] - System.err - Warning: NLS unused message: jobs_returnNoStatus in: org.eclipse.core.internal.jobs.messages
2019-08-15 21:15:41,082 ERROR [main] - System.err - Warning: NLS unused message: NewTypeWizardPage_info_FileExtensionNotRequired in: org.eclipse.jdt.internal.ui.wizards.NewWizardMessages
2019-08-15 21:15:41,082 ERROR [main] - System.err - Warning: NLS unused message: NewAnnotationWizardPage_add_documented in: org.eclipse.jdt.internal.ui.wizards.NewWizardMessages
2019-08-15 21:15:41,082 ERROR [main] - System.err - Warning: NLS unused message: NewAnnotationWizardPage_add_retention in: org.eclipse.jdt.internal.ui.wizards.NewWizardMessages
2019-08-15 21:15:41,082 ERROR [main] - System.err - Warning: NLS unused message: NewAnnotationWizardPage_add_target in: org.eclipse.jdt.internal.ui.wizards.NewWizardMessages
2019-08-15 21:15:41,082 ERROR [main] - System.err - Warning: NLS unused message: LibrariesWorkbookPage_externalAnnotationNeedsNullAnnotationEnabled_title in: org.eclipse.jdt.internal.ui.wizards.NewWizardMessages
2019-08-15 21:15:41,082 ERROR [main] - System.err - Warning: NLS unused message: AnnotationsAttachmentBlock_filename_external_label in: org.eclipse.jdt.internal.ui.wizards.NewWizardMessages
2019-08-15 21:15:41,082 ERROR [main] - System.err - Warning: NLS unused message: AnnotationsAttachmentBlock_filename_externalfile_button in: org.eclipse.jdt.internal.ui.wizards.NewWizardMessages
2019-08-15 21:15:41,082 ERROR [main] - System.err - Warning: NLS unused message: AnnotationsAttachmentBlock_filename_externalfolder_button in: org.eclipse.jdt.internal.ui.wizards.NewWizardMessages
2019-08-15 21:15:41,082 ERROR [main] - System.err - Warning: NLS unused message: AnnotationsAttachmentBlock_external_radiolabel in: org.eclipse.jdt.internal.ui.wizards.NewWizardMessages
2019-08-15 21:15:41,082 ERROR [main] - System.err - Warning: NLS unused message: AnnotationsAttachmentBlock_filename_error_notvalid in: org.eclipse.jdt.internal.ui.wizards.NewWizardMessages
2019-08-15 21:15:41,082 ERROR [main] - System.err - Warning: NLS unused message: AnnotationsAttachmentBlock_filename_error_notabsolute in: org.eclipse.jdt.internal.ui.wizards.NewWizardMessages
2019-08-15 21:15:41,082 ERROR [main] - System.err - Warning: NLS unused message: AnnotationsAttachmentBlock_filename_error_filenotexists in: org.eclipse.jdt.internal.ui.wizards.NewWizardMessages
2019-08-15 21:15:41,082 ERROR [main] - System.err - Warning: NLS unused message: AnnotationsAttachmentBlock_filename_workspace_browse in: org.eclipse.jdt.internal.ui.wizards.NewWizardMessages
2019-08-15 21:15:41,082 ERROR [main] - System.err - Warning: NLS unused message: AnnotationsAttachmentBlock_filename_workspace_label in: org.eclipse.jdt.internal.ui.wizards.NewWizardMessages
2019-08-15 21:15:41,082 ERROR [main] - System.err - Warning: NLS unused message: AnnotationsAttachmentBlock_extjardialog_text in: org.eclipse.jdt.internal.ui.wizards.NewWizardMessages
2019-08-15 21:15:41,082 ERROR [main] - System.err - Warning: NLS unused message: AnnotationsAttachmentBlock_extfolderdialog_text in: org.eclipse.jdt.internal.ui.wizards.NewWizardMessages
2019-08-15 21:15:41,082 ERROR [main] - System.err - Warning: NLS unused message: AnnotationsAttachmentBlock_workspace_radiolabel in: org.eclipse.jdt.internal.ui.wizards.NewWizardMessages
2019-08-15 21:15:41,082 ERROR [main] - System.err - Warning: NLS unused message: ExternalAnnotationsDialog_title in: org.eclipse.jdt.internal.ui.wizards.NewWizardMessages
2019-08-15 21:15:41,082 ERROR [main] - System.err - Warning: NLS unused message: AccessRulesDialog_severity_info in: org.eclipse.jdt.internal.ui.wizards.NewWizardMessages
2019-08-15 21:15:41,082 ERROR [main] - System.err - Warning: NLS unused message: CPListLabelProvider_external_annotations_location_label in: org.eclipse.jdt.internal.ui.wizards.NewWizardMessages
2019-08-15 21:15:41,082 ERROR [main] - System.err - Warning: NLS unused message: BuildPathBasePage_addNow_button in: org.eclipse.jdt.internal.ui.wizards.NewWizardMessages
2019-08-15 21:15:41,082 ERROR [main] - System.err - Warning: NLS unused message: BuildPathBasePage_cancel_button in: org.eclipse.jdt.internal.ui.wizards.NewWizardMessages
2019-08-15 21:15:41,082 ERROR [main] - System.err - Warning: NLS unused message: ModuleDialog_contents_tab in: org.eclipse.jdt.internal.ui.wizards.NewWizardMessages
2019-08-15 21:15:41,082 ERROR [main] - System.err - Warning: NLS unused message: ModuleDialog_details_tab in: org.eclipse.jdt.internal.ui.wizards.NewWizardMessages
2019-08-15 21:15:41,082 ERROR [main] - System.err - Warning: NLS unused message: ModuleDialog_target_module_header in: org.eclipse.jdt.internal.ui.wizards.NewWizardMessages
2019-08-15 21:15:41,082 ERROR [main] - System.err - Warning: NLS unused message: ModuleDialog_package_header in: org.eclipse.jdt.internal.ui.wizards.NewWizardMessages
2019-08-15 21:15:41,082 ERROR [main] - System.err - Warning: NLS unused message: ModuleDialog_source_module_header in: org.eclipse.jdt.internal.ui.wizards.NewWizardMessages
2019-08-15 21:15:41,082 ERROR [main] - System.err - Warning: NLS unused message: ModuleDialog_detail_add in: org.eclipse.jdt.internal.ui.wizards.NewWizardMessages
2019-08-15 21:15:41,082 ERROR [main] - System.err - Warning: NLS unused message: ModuleDialog_detail_edit in: org.eclipse.jdt.internal.ui.wizards.NewWizardMessages
2019-08-15 21:15:41,082 ERROR [main] - System.err - Warning: NLS unused message: ModuleDialog_detail_remove in: org.eclipse.jdt.internal.ui.wizards.NewWizardMessages
2019-08-15 21:15:41,082 ERROR [main] - System.err - Warning: NLS unused message: ModuleDialog_duplicatePackage_error in: org.eclipse.jdt.internal.ui.wizards.NewWizardMessages
2019-08-15 21:15:41,082 ERROR [main] - System.err - Warning: NLS unused message: ModuleDialog_duplicateReads_error in: org.eclipse.jdt.internal.ui.wizards.NewWizardMessages
2019-08-15 21:15:41,082 ERROR [main] - System.err - Warning: NLS unused message: AddExportsBlock_sourceModule_label in: org.eclipse.jdt.internal.ui.wizards.NewWizardMessages
2019-08-15 21:15:41,082 ERROR [main] - System.err - Warning: NLS unused message: AddExportsBlock_package_label in: org.eclipse.jdt.internal.ui.wizards.NewWizardMessages
2019-08-15 21:15:41,082 ERROR [main] - System.err - Warning: NLS unused message: AddExportsBlock_targetModules_label in: org.eclipse.jdt.internal.ui.wizards.NewWizardMessages
2019-08-15 21:15:41,082 ERROR [main] - System.err - Warning: NLS unused message: AddReadsBlock_sourceModule_label in: org.eclipse.jdt.internal.ui.wizards.NewWizardMessages
2019-08-15 21:15:41,082 ERROR [main] - System.err - Warning: NLS unused message: AddReadsBlock_targetModule_label in: org.eclipse.jdt.internal.ui.wizards.NewWizardMessages
2019-08-15 21:15:41,082 ERROR [main] - System.err - Warning: NLS unused message: CPListLabelProvider_module_label in: org.eclipse.jdt.internal.ui.wizards.NewWizardMessages
2019-08-15 21:15:41,082 ERROR [main] - System.err - Warning: NLS unused message: CPListLabelProvider_module_yes in: org.eclipse.jdt.internal.ui.wizards.NewWizardMessages
2019-08-15 21:15:41,082 ERROR [main] - System.err - Warning: NLS unused message: CPListLabelProvider_module_no in: org.eclipse.jdt.internal.ui.wizards.NewWizardMessages
2019-08-15 21:15:41,082 ERROR [main] - System.err - Warning: NLS unused message: CPListLabelProvider_patch_module_full_label in: org.eclipse.jdt.internal.ui.wizards.NewWizardMessages
2019-08-15 21:15:41,082 ERROR [main] - System.err - Warning: NLS unused message: CPListLabelProvider_add_exports_full_label in: org.eclipse.jdt.internal.ui.wizards.NewWizardMessages
2019-08-15 21:15:41,082 ERROR [main] - System.err - Warning: NLS unused message: CPListLabelProvider_add_reads_full_label in: org.eclipse.jdt.internal.ui.wizards.NewWizardMessages
2019-08-15 21:15:41,082 ERROR [main] - System.err - Warning: NLS unused message: CPListLabelProvider_limitModules_full_label in: org.eclipse.jdt.internal.ui.wizards.NewWizardMessages
2019-08-15 21:15:41,082 ERROR [main] - System.err - Warning: NLS unused message: NewModuleInfoWizardPage_description in: org.eclipse.jdt.internal.ui.wizards.NewWizardMessages
2019-08-15 21:15:41,082 ERROR [main] - System.err - Warning: NLS unused message: NewModuleInfoWizardPage_module_label in: org.eclipse.jdt.internal.ui.wizards.NewWizardMessages
2019-08-15 21:15:41,082 ERROR [main] - System.err - Warning: NLS unused message: NewModuleInfoWizardPage_error_InvalidModuleName in: org.eclipse.jdt.internal.ui.wizards.NewWizardMessages
2019-08-15 21:15:41,082 ERROR [main] - System.err - Warning: NLS unused message: NewModuleInfoWizardPage_error_EnterName in: org.eclipse.jdt.internal.ui.wizards.NewWizardMessages
2019-08-15 21:15:41,082 ERROR [main] - System.err - Warning: NLS unused message: NewModuleInfoWizardPage_warning_DiscouragedModuleName in: org.eclipse.jdt.internal.ui.wizards.NewWizardMessages
2019-08-15 21:15:41,082 ERROR [main] - System.err - Warning: NLS unused message: NewModuleInfoWizard_title in: org.eclipse.jdt.internal.ui.wizards.NewWizardMessages
2019-08-15 21:15:41,082 ERROR [main] - System.err - Warning: NLS unused message: NewModuleInfoWizard_updateProject_job in: org.eclipse.jdt.internal.ui.wizards.NewWizardMessages
2019-08-15 21:15:41,082 ERROR [main] - System.err - Warning: NLS unused message: PathRootWorkbookPage_classpath in: org.eclipse.jdt.internal.ui.wizards.NewWizardMessages
2019-08-15 21:15:41,082 ERROR [main] - System.err - Warning: NLS unused message: PathRootWorkbookPage_modulepath in: org.eclipse.jdt.internal.ui.wizards.NewWizardMessages
2019-08-15 21:15:42,382 ERROR [main] - System.err - Warning: NLS unused message: TracepointToggleAction_Unavailable in: org.eclipse.jdt.internal.debug.ui.actions.ActionMessages
2019-08-15 21:29:35,673 ERROR [Text Viewer Hover Presenter] - System.err - Warning: NLS unused message: JavadocHover_fallback_warning in: org.eclipse.jdt.internal.ui.text.java.hover.JavaHoverMessages
2019-08-15 21:42:50,995 ERROR [Text Viewer Hover Presenter] - System.err - Warning: NLS unused message: JavaDoc2HTMLTextReader_type_parameters_section in: org.eclipse.jdt.internal.ui.text.javadoc.JavaDocMessages
2019-08-15 22:19:04,263 ERROR [main] - System.err - Warning: NLS unused message: LocalCorrectionsSubProcessor_implement_method_description in: org.eclipse.jdt.internal.ui.text.correction.CorrectionMessages
2019-08-15 22:19:04,263 ERROR [main] - System.err - Warning: NLS unused message: LocalCorrectionsSubProcessor_override_default_method_description in: org.eclipse.jdt.internal.ui.text.correction.CorrectionMessages
2019-08-15 22:19:04,263 ERROR [main] - System.err - Warning: NLS unused message: LocalCorrectionsSubProcessor_override_method_description in: org.eclipse.jdt.internal.ui.text.correction.CorrectionMessages
2019-08-15 22:19:04,263 ERROR [main] - System.err - Warning: NLS unused message: LocalCorrectionsSubProcessor_replace_with_unqualified_enum_constant in: org.eclipse.jdt.internal.ui.text.correction.CorrectionMessages
2019-08-15 22:19:04,263 ERROR [main] - System.err - Warning: NLS unused message: ConfigureProblemSeveritySubProcessor_name in: org.eclipse.jdt.internal.ui.text.correction.CorrectionMessages
2019-08-15 23:13:03,761 ERROR [main] - System.err - Warning: NLS unused message: JavaJRETab_10 in: org.eclipse.jdt.internal.debug.ui.launcher.LauncherMessages
2019-08-15 23:13:03,761 ERROR [main] - System.err - Warning: NLS unused message: JavaJRETab_11 in: org.eclipse.jdt.internal.debug.ui.launcher.LauncherMessages
2019-08-15 23:13:03,761 ERROR [main] - System.err - Warning: NLS unused message: JavaJRETab_12 in: org.eclipse.jdt.internal.debug.ui.launcher.LauncherMessages
2019-08-15 23:13:03,761 ERROR [main] - System.err - Warning: NLS unused message: JavaJRETab_13 in: org.eclipse.jdt.internal.debug.ui.launcher.LauncherMessages
2019-08-15 23:13:03,761 ERROR [main] - System.err - Warning: NLS unused message: JavaDependenciesTab_0 in: org.eclipse.jdt.internal.debug.ui.launcher.LauncherMessages
2019-08-15 23:13:03,761 ERROR [main] - System.err - Warning: NLS unused message: JavaDependenciesTab_Dependencies_3 in: org.eclipse.jdt.internal.debug.ui.launcher.LauncherMessages
2019-08-15 23:13:04,137 ERROR [main] - System.err - Warning: NLS unused message: GroupLaunch_Cannot_launch in: org.eclipse.debug.internal.ui.DebugUIMessages
2019-08-15 23:13:04,137 ERROR [main] - System.err - Warning: NLS unused message: GroupLaunch_Cycle in: org.eclipse.debug.internal.ui.DebugUIMessages
2019-08-15 23:13:04,137 ERROR [main] - System.err - Warning: NLS unused message: GroupLaunch_Error in: org.eclipse.debug.internal.ui.DebugUIMessages
2019-08-15 23:13:04,137 ERROR [main] - System.err - Warning: NLS unused message: GroupLaunchConfigurationSelectionDialog_0 in: org.eclipse.debug.internal.ui.DebugUIMessages
2019-08-15 23:13:04,137 ERROR [main] - System.err - Warning: NLS unused message: GroupLaunchConfigurationSelectionDialog_4 in: org.eclipse.debug.internal.ui.DebugUIMessages
2019-08-15 23:13:04,137 ERROR [main] - System.err - Warning: NLS unused message: GroupLaunchConfigurationSelectionDialog_5 in: org.eclipse.debug.internal.ui.DebugUIMessages
2019-08-15 23:13:04,137 ERROR [main] - System.err - Warning: NLS unused message: GroupLaunchConfigurationSelectionDialog_7 in: org.eclipse.debug.internal.ui.DebugUIMessages
2019-08-15 23:13:04,137 ERROR [main] - System.err - Warning: NLS unused message: GroupLaunchConfigurationSelectionDialog_8 in: org.eclipse.debug.internal.ui.DebugUIMessages
2019-08-15 23:13:04,137 ERROR [main] - System.err - Warning: NLS unused message: GroupLaunchConfigurationSelectionDialog_9 in: org.eclipse.debug.internal.ui.DebugUIMessages
2019-08-15 23:13:04,137 ERROR [main] - System.err - Warning: NLS unused message: GroupLaunchConfigurationSelectionDialog_1 in: org.eclipse.debug.internal.ui.DebugUIMessages
2019-08-15 23:13:04,137 ERROR [main] - System.err - Warning: NLS unused message: GroupLaunchConfigurationSelectionDialog_10 in: org.eclipse.debug.internal.ui.DebugUIMessages
2019-08-15 23:13:04,137 ERROR [main] - System.err - Warning: NLS unused message: GroupLaunchConfigurationSelectionDialog_11 in: org.eclipse.debug.internal.ui.DebugUIMessages
2019-08-15 23:13:04,137 ERROR [main] - System.err - Warning: NLS unused message: GroupLaunchConfigurationSelectionDialog_12 in: org.eclipse.debug.internal.ui.DebugUIMessages
2019-08-15 23:13:04,137 ERROR [main] - System.err - Warning: NLS unused message: GroupLaunchConfigurationSelectionDialog_13 in: org.eclipse.debug.internal.ui.DebugUIMessages
2019-08-15 23:13:04,137 ERROR [main] - System.err - Warning: NLS unused message: GroupLaunchConfigurationSelectionDialog_14 in: org.eclipse.debug.internal.ui.DebugUIMessages
2019-08-15 23:13:04,137 ERROR [main] - System.err - Warning: NLS unused message: GroupLaunchConfigurationSelectionDialog_15 in: org.eclipse.debug.internal.ui.DebugUIMessages
2019-08-15 23:13:04,137 ERROR [main] - System.err - Warning: NLS unused message: GroupLaunchConfigurationSelectionDialog_adoptTooltip in: org.eclipse.debug.internal.ui.DebugUIMessages
2019-08-15 23:13:04,137 ERROR [main] - System.err - Warning: NLS unused message: GroupLaunchConfigurationSelectionDialog_errorNoRegexp in: org.eclipse.debug.internal.ui.DebugUIMessages
2019-08-15 23:13:04,137 ERROR [main] - System.err - Warning: NLS unused message: GroupLaunchConfigurationSelectionDialog_regexp in: org.eclipse.debug.internal.ui.DebugUIMessages
2019-08-15 23:13:04,147 ERROR [main] - System.err - Warning: NLS unused message: GroupLaunchConfigurationTabGroup_0 in: org.eclipse.debug.internal.ui.DebugUIMessages
2019-08-15 23:13:04,147 ERROR [main] - System.err - Warning: NLS unused message: GroupLaunchConfigurationTabGroup_1 in: org.eclipse.debug.internal.ui.DebugUIMessages
2019-08-15 23:13:04,147 ERROR [main] - System.err - Warning: NLS unused message: GroupLaunchConfigurationTabGroup_2 in: org.eclipse.debug.internal.ui.DebugUIMessages
2019-08-15 23:13:04,147 ERROR [main] - System.err - Warning: NLS unused message: GroupLaunchConfigurationTabGroup_3 in: org.eclipse.debug.internal.ui.DebugUIMessages
2019-08-15 23:13:04,147 ERROR [main] - System.err - Warning: NLS unused message: GroupLaunchConfigurationTabGroup_4 in: org.eclipse.debug.internal.ui.DebugUIMessages
2019-08-15 23:13:04,147 ERROR [main] - System.err - Warning: NLS unused message: GroupLaunchConfigurationTabGroup_5 in: org.eclipse.debug.internal.ui.DebugUIMessages
2019-08-15 23:13:04,147 ERROR [main] - System.err - Warning: NLS unused message: GroupLaunchConfigurationTabGroup_6 in: org.eclipse.debug.internal.ui.DebugUIMessages
2019-08-15 23:13:04,147 ERROR [main] - System.err - Warning: NLS unused message: GroupLaunchConfigurationTabGroup_7 in: org.eclipse.debug.internal.ui.DebugUIMessages
2019-08-15 23:13:04,147 ERROR [main] - System.err - Warning: NLS unused message: GroupLaunchConfigurationTabGroup_10 in: org.eclipse.debug.internal.ui.DebugUIMessages
2019-08-15 23:13:04,147 ERROR [main] - System.err - Warning: NLS unused message: GroupLaunchConfigurationTabGroup_12 in: org.eclipse.debug.internal.ui.DebugUIMessages
2019-08-15 23:13:04,147 ERROR [main] - System.err - Warning: NLS unused message: GroupLaunchConfigurationTabGroup_13 in: org.eclipse.debug.internal.ui.DebugUIMessages
2019-08-15 23:13:04,147 ERROR [main] - System.err - Warning: NLS unused message: GroupLaunchConfigurationTabGroup_14 in: org.eclipse.debug.internal.ui.DebugUIMessages
2019-08-15 23:13:04,147 ERROR [main] - System.err - Warning: NLS unused message: GroupLaunchConfigurationTabGroup_15 in: org.eclipse.debug.internal.ui.DebugUIMessages
2019-08-15 23:13:04,147 ERROR [main] - System.err - Warning: NLS unused message: GroupLaunchConfigurationTabGroup_16 in: org.eclipse.debug.internal.ui.DebugUIMessages
2019-08-15 23:13:04,267 ERROR [Worker-3] - System.err - Warning: NLS unused message: JavaDebugPreferencePage_Enable_hot_code_replace_1 in: org.eclipse.jdt.internal.debug.ui.DebugUIMessages
2019-08-15 23:13:04,267 ERROR [Worker-3] - System.err - Warning: NLS unused message: JavaDebugPreferencePage_ShowStepResult_1 in: org.eclipse.jdt.internal.debug.ui.DebugUIMessages
2019-08-15 23:13:04,267 ERROR [Worker-3] - System.err - Warning: NLS unused message: JavaDebugPreferencePage_filterUnrelatedBreakpoints in: org.eclipse.jdt.internal.debug.ui.DebugUIMessages
2019-08-15 23:13:04,317 ERROR [main] - System.err - Warning: NLS unused message: CommonTab_Invalid_stdin_file_location_15 in: org.eclipse.debug.internal.ui.launchConfigurations.LaunchConfigurationsMessages
2019-08-15 23:13:04,317 ERROR [main] - System.err - Warning: NLS unused message: CommonTab_Select_a_location_for_the_Input_File_15 in: org.eclipse.debug.internal.ui.launchConfigurations.LaunchConfigurationsMessages
2019-08-15 23:13:04,317 ERROR [main] - System.err - Warning: NLS unused message: CommonTab_16 in: org.eclipse.debug.internal.ui.launchConfigurations.LaunchConfigurationsMessages
2019-08-15 23:13:04,317 ERROR [main] - System.err - Warning: NLS unused message: CommonTab_17 in: org.eclipse.debug.internal.ui.launchConfigurations.LaunchConfigurationsMessages
2019-08-15 23:13:04,317 ERROR [main] - System.err - Warning: NLS unused message: CommonTab_18 in: org.eclipse.debug.internal.ui.launchConfigurations.LaunchConfigurationsMessages
2019-08-15 23:13:04,317 ERROR [main] - System.err - Warning: NLS unused message: CommonTab_19 in: org.eclipse.debug.internal.ui.launchConfigurations.LaunchConfigurationsMessages
2019-08-15 23:13:04,317 ERROR [main] - System.err - Warning: NLS unused message: CommonTab_20 in: org.eclipse.debug.internal.ui.launchConfigurations.LaunchConfigurationsMessages
2019-08-15 23:13:07,197 ERROR [Worker-7] - System.err - Warning: NLS unused message: ProcessConsole_3 in: org.eclipse.debug.internal.ui.views.console.ConsoleMessages
2019-08-16 17:42:08,093 ERROR [main] - System.err - Warning: NLS unused message: WorkingSetRootModeActionGroup_Show_Others_working_set in: org.eclipse.ui.internal.navigator.resources.plugin.messages
2019-08-16 17:42:08,121 ERROR [main] - System.err - Warning: NLS unused message: workingSet_others in: org.eclipse.ui.internal.navigator.resources.plugin.messages
2019-08-16 17:42:08,137 ERROR [main] - System.err - Warning: NLS unused message: FilterActionGroup_RecentFilters in: org.eclipse.ui.internal.navigator.messages
2019-08-16 17:42:08,893 ERROR [main] - System.err - Warning: NLS unused message: ClassFileEditor_changeExternalAnnotations_caption in: org.eclipse.jdt.internal.ui.javaeditor.JavaEditorMessages
2019-08-16 17:42:08,893 ERROR [main] - System.err - Warning: NLS unused message: AnnotateClassFile_label in: org.eclipse.jdt.internal.ui.javaeditor.JavaEditorMessages
2019-08-16 17:42:10,861 ERROR [main] - System.err - Warning: NLS unused message: CreateModuleInfoAction_error_message_compliance in: org.eclipse.jdt.internal.ui.actions.ActionMessages
2019-08-16 17:42:10,861 ERROR [main] - System.err - Warning: NLS unused message: CreateModuleInfoAction_error_title in: org.eclipse.jdt.internal.ui.actions.ActionMessages
2019-08-16 17:42:11,377 ERROR [main] - System.err - Warning: NLS unused message: RenameInformationPopup_OptionsLink in: org.eclipse.jdt.internal.ui.refactoring.reorg.ReorgMessages
2019-08-16 17:42:11,973 ERROR [main] - System.err - Warning: NLS unused message: WordWrapAction_0 in: org.eclipse.ui.internal.console.ConsoleMessages
2019-08-16 17:42:11,973 ERROR [main] - System.err - Warning: NLS unused message: WordWrapAction_1 in: org.eclipse.ui.internal.console.ConsoleMessages
2019-08-16 17:42:13,449 ERROR [main] - System.err - Warning: NLS unused message: TextEditorPreferencePage_enableWordWrap in: org.eclipse.ui.internal.editors.text.TextEditorMessages
2019-08-16 17:42:14,593 ERROR [Worker-1] - System.err - Warning: NLS unused message: Pre_neon2_pref_value_everyday in: org.eclipse.equinox.internal.p2.ui.sdk.scheduler.messages
2019-08-16 17:42:17,905 ERROR [main] - System.err - Warning: NLS unused message: RemoveAllTriggerPointsAction_0 in: org.eclipse.debug.internal.ui.actions.ActionMessages
2019-08-16 17:42:17,905 ERROR [main] - System.err - Warning: NLS unused message: RemoveAllTriggerPointsAction_1 in: org.eclipse.debug.internal.ui.actions.ActionMessages
2019-08-16 17:42:17,905 ERROR [main] - System.err - Warning: NLS unused message: RunToLineAction_2 in: org.eclipse.debug.internal.ui.actions.ActionMessages
2019-08-16 17:42:17,905 ERROR [main] - System.err - Warning: NLS unused message: RunToLineAction_3 in: org.eclipse.debug.internal.ui.actions.ActionMessages
2019-08-16 17:42:17,905 ERROR [main] - System.err - Warning: NLS unused message: TerminateAndLaunchFailure in: org.eclipse.debug.internal.ui.actions.ActionMessages
2019-08-16 18:14:47,509 ERROR [main] - System.err - Warning: NLS unused message: NewTypeWizardPage_info_FileExtensionNotRequired in: org.eclipse.jdt.internal.ui.wizards.NewWizardMessages
2019-08-16 18:14:47,509 ERROR [main] - System.err - Warning: NLS unused message: NewAnnotationWizardPage_add_documented in: org.eclipse.jdt.internal.ui.wizards.NewWizardMessages
2019-08-16 18:14:47,509 ERROR [main] - System.err - Warning: NLS unused message: NewAnnotationWizardPage_add_retention in: org.eclipse.jdt.internal.ui.wizards.NewWizardMessages
2019-08-16 18:14:47,509 ERROR [main] - System.err - Warning: NLS unused message: NewAnnotationWizardPage_add_target in: org.eclipse.jdt.internal.ui.wizards.NewWizardMessages
2019-08-16 18:14:47,509 ERROR [main] - System.err - Warning: NLS unused message: LibrariesWorkbookPage_externalAnnotationNeedsNullAnnotationEnabled_title in: org.eclipse.jdt.internal.ui.wizards.NewWizardMessages
2019-08-16 18:14:47,509 ERROR [main] - System.err - Warning: NLS unused message: AnnotationsAttachmentBlock_filename_external_label in: org.eclipse.jdt.internal.ui.wizards.NewWizardMessages
2019-08-16 18:14:47,509 ERROR [main] - System.err - Warning: NLS unused message: AnnotationsAttachmentBlock_filename_externalfile_button in: org.eclipse.jdt.internal.ui.wizards.NewWizardMessages
2019-08-16 18:14:47,509 ERROR [main] - System.err - Warning: NLS unused message: AnnotationsAttachmentBlock_filename_externalfolder_button in: org.eclipse.jdt.internal.ui.wizards.NewWizardMessages
2019-08-16 18:14:47,509 ERROR [main] - System.err - Warning: NLS unused message: AnnotationsAttachmentBlock_external_radiolabel in: org.eclipse.jdt.internal.ui.wizards.NewWizardMessages
2019-08-16 18:14:47,509 ERROR [main] - System.err - Warning: NLS unused message: AnnotationsAttachmentBlock_filename_error_notvalid in: org.eclipse.jdt.internal.ui.wizards.NewWizardMessages
2019-08-16 18:14:47,509 ERROR [main] - System.err - Warning: NLS unused message: AnnotationsAttachmentBlock_filename_error_notabsolute in: org.eclipse.jdt.internal.ui.wizards.NewWizardMessages
2019-08-16 18:14:47,509 ERROR [main] - System.err - Warning: NLS unused message: AnnotationsAttachmentBlock_filename_error_filenotexists in: org.eclipse.jdt.internal.ui.wizards.NewWizardMessages
2019-08-16 18:14:47,509 ERROR [main] - System.err - Warning: NLS unused message: AnnotationsAttachmentBlock_filename_workspace_browse in: org.eclipse.jdt.internal.ui.wizards.NewWizardMessages
2019-08-16 18:14:47,509 ERROR [main] - System.err - Warning: NLS unused message: AnnotationsAttachmentBlock_filename_workspace_label in: org.eclipse.jdt.internal.ui.wizards.NewWizardMessages
2019-08-16 18:14:47,509 ERROR [main] - System.err - Warning: NLS unused message: AnnotationsAttachmentBlock_extjardialog_text in: org.eclipse.jdt.internal.ui.wizards.NewWizardMessages
2019-08-16 18:14:47,509 ERROR [main] - System.err - Warning: NLS unused message: AnnotationsAttachmentBlock_extfolderdialog_text in: org.eclipse.jdt.internal.ui.wizards.NewWizardMessages
2019-08-16 18:14:47,509 ERROR [main] - System.err - Warning: NLS unused message: AnnotationsAttachmentBlock_workspace_radiolabel in: org.eclipse.jdt.internal.ui.wizards.NewWizardMessages
2019-08-16 18:14:47,509 ERROR [main] - System.err - Warning: NLS unused message: ExternalAnnotationsDialog_title in: org.eclipse.jdt.internal.ui.wizards.NewWizardMessages
2019-08-16 18:14:47,509 ERROR [main] - System.err - Warning: NLS unused message: AccessRulesDialog_severity_info in: org.eclipse.jdt.internal.ui.wizards.NewWizardMessages
2019-08-16 18:14:47,509 ERROR [main] - System.err - Warning: NLS unused message: CPListLabelProvider_external_annotations_location_label in: org.eclipse.jdt.internal.ui.wizards.NewWizardMessages
2019-08-16 18:14:47,509 ERROR [main] - System.err - Warning: NLS unused message: BuildPathBasePage_addNow_button in: org.eclipse.jdt.internal.ui.wizards.NewWizardMessages
2019-08-16 18:14:47,509 ERROR [main] - System.err - Warning: NLS unused message: BuildPathBasePage_cancel_button in: org.eclipse.jdt.internal.ui.wizards.NewWizardMessages
2019-08-16 18:14:47,509 ERROR [main] - System.err - Warning: NLS unused message: ModuleDialog_contents_tab in: org.eclipse.jdt.internal.ui.wizards.NewWizardMessages
2019-08-16 18:14:47,509 ERROR [main] - System.err - Warning: NLS unused message: ModuleDialog_details_tab in: org.eclipse.jdt.internal.ui.wizards.NewWizardMessages
2019-08-16 18:14:47,509 ERROR [main] - System.err - Warning: NLS unused message: ModuleDialog_target_module_header in: org.eclipse.jdt.internal.ui.wizards.NewWizardMessages
2019-08-16 18:14:47,509 ERROR [main] - System.err - Warning: NLS unused message: ModuleDialog_package_header in: org.eclipse.jdt.internal.ui.wizards.NewWizardMessages
2019-08-16 18:14:47,509 ERROR [main] - System.err - Warning: NLS unused message: ModuleDialog_source_module_header in: org.eclipse.jdt.internal.ui.wizards.NewWizardMessages
2019-08-16 18:14:47,509 ERROR [main] - System.err - Warning: NLS unused message: ModuleDialog_detail_add in: org.eclipse.jdt.internal.ui.wizards.NewWizardMessages
2019-08-16 18:14:47,509 ERROR [main] - System.err - Warning: NLS unused message: ModuleDialog_detail_edit in: org.eclipse.jdt.internal.ui.wizards.NewWizardMessages
2019-08-16 18:14:47,509 ERROR [main] - System.err - Warning: NLS unused message: ModuleDialog_detail_remove in: org.eclipse.jdt.internal.ui.wizards.NewWizardMessages
2019-08-16 18:14:47,509 ERROR [main] - System.err - Warning: NLS unused message: ModuleDialog_duplicatePackage_error in: org.eclipse.jdt.internal.ui.wizards.NewWizardMessages
2019-08-16 18:14:47,509 ERROR [main] - System.err - Warning: NLS unused message: ModuleDialog_duplicateReads_error in: org.eclipse.jdt.internal.ui.wizards.NewWizardMessages
2019-08-16 18:14:47,509 ERROR [main] - System.err - Warning: NLS unused message: AddExportsBlock_sourceModule_label in: org.eclipse.jdt.internal.ui.wizards.NewWizardMessages
2019-08-16 18:14:47,509 ERROR [main] - System.err - Warning: NLS unused message: AddExportsBlock_package_label in: org.eclipse.jdt.internal.ui.wizards.NewWizardMessages
2019-08-16 18:14:47,509 ERROR [main] - System.err - Warning: NLS unused message: AddExportsBlock_targetModules_label in: org.eclipse.jdt.internal.ui.wizards.NewWizardMessages
2019-08-16 18:14:47,509 ERROR [main] - System.err - Warning: NLS unused message: AddReadsBlock_sourceModule_label in: org.eclipse.jdt.internal.ui.wizards.NewWizardMessages
2019-08-16 18:14:47,509 ERROR [main] - System.err - Warning: NLS unused message: AddReadsBlock_targetModule_label in: org.eclipse.jdt.internal.ui.wizards.NewWizardMessages
2019-08-16 18:14:47,509 ERROR [main] - System.err - Warning: NLS unused message: CPListLabelProvider_module_label in: org.eclipse.jdt.internal.ui.wizards.NewWizardMessages
2019-08-16 18:14:47,509 ERROR [main] - System.err - Warning: NLS unused message: CPListLabelProvider_module_yes in: org.eclipse.jdt.internal.ui.wizards.NewWizardMessages
2019-08-16 18:14:47,509 ERROR [main] - System.err - Warning: NLS unused message: CPListLabelProvider_module_no in: org.eclipse.jdt.internal.ui.wizards.NewWizardMessages
2019-08-16 18:14:47,509 ERROR [main] - System.err - Warning: NLS unused message: CPListLabelProvider_patch_module_full_label in: org.eclipse.jdt.internal.ui.wizards.NewWizardMessages
2019-08-16 18:14:47,509 ERROR [main] - System.err - Warning: NLS unused message: CPListLabelProvider_add_exports_full_label in: org.eclipse.jdt.internal.ui.wizards.NewWizardMessages
2019-08-16 18:14:47,509 ERROR [main] - System.err - Warning: NLS unused message: CPListLabelProvider_add_reads_full_label in: org.eclipse.jdt.internal.ui.wizards.NewWizardMessages
2019-08-16 18:14:47,513 ERROR [main] - System.err - Warning: NLS unused message: CPListLabelProvider_limitModules_full_label in: org.eclipse.jdt.internal.ui.wizards.NewWizardMessages
2019-08-16 18:14:47,513 ERROR [main] - System.err - Warning: NLS unused message: NewModuleInfoWizardPage_description in: org.eclipse.jdt.internal.ui.wizards.NewWizardMessages
2019-08-16 18:14:47,513 ERROR [main] - System.err - Warning: NLS unused message: NewModuleInfoWizardPage_module_label in: org.eclipse.jdt.internal.ui.wizards.NewWizardMessages
2019-08-16 18:14:47,513 ERROR [main] - System.err - Warning: NLS unused message: NewModuleInfoWizardPage_error_InvalidModuleName in: org.eclipse.jdt.internal.ui.wizards.NewWizardMessages
2019-08-16 18:14:47,513 ERROR [main] - System.err - Warning: NLS unused message: NewModuleInfoWizardPage_error_EnterName in: org.eclipse.jdt.internal.ui.wizards.NewWizardMessages
2019-08-16 18:14:47,513 ERROR [main] - System.err - Warning: NLS unused message: NewModuleInfoWizardPage_warning_DiscouragedModuleName in: org.eclipse.jdt.internal.ui.wizards.NewWizardMessages
2019-08-16 18:14:47,513 ERROR [main] - System.err - Warning: NLS unused message: NewModuleInfoWizard_title in: org.eclipse.jdt.internal.ui.wizards.NewWizardMessages
2019-08-16 18:14:47,513 ERROR [main] - System.err - Warning: NLS unused message: NewModuleInfoWizard_updateProject_job in: org.eclipse.jdt.internal.ui.wizards.NewWizardMessages
2019-08-16 18:14:47,513 ERROR [main] - System.err - Warning: NLS unused message: PathRootWorkbookPage_classpath in: org.eclipse.jdt.internal.ui.wizards.NewWizardMessages
2019-08-16 18:14:47,513 ERROR [main] - System.err - Warning: NLS unused message: PathRootWorkbookPage_modulepath in: org.eclipse.jdt.internal.ui.wizards.NewWizardMessages
2019-08-16 18:15:10,201 ERROR [main] - System.err - Warning: NLS unused message: NewProject_perspSwitchButtonLabel in: org.eclipse.ui.internal.wizards.newresource.messages
2019-08-16 18:15:36,711 ERROR [main] - System.err - Warning: NLS unused message: TracepointToggleAction_Unavailable in: org.eclipse.jdt.internal.debug.ui.actions.ActionMessages
2019-08-16 18:17:18,067 ERROR [Worker-0] - System.err - Warning: NLS unused message: jobs_returnNoStatus in: org.eclipse.core.internal.jobs.messages
2019-08-16 18:21:17,001 ERROR [main] - System.err - Warning: NLS unused message: filtersDialog_description in: org.eclipse.ui.views.markers.internal.messages
2019-08-16 18:21:46,317 ERROR [Info view input computer] - System.err - Warning: NLS unused message: JavadocHover_fallback_warning in: org.eclipse.jdt.internal.ui.text.java.hover.JavaHoverMessages
2019-08-16 21:40:07,455 ERROR [main] - System.err - Warning: NLS unused message: ClassFileEditor_changeExternalAnnotations_caption in: org.eclipse.jdt.internal.ui.javaeditor.JavaEditorMessages
2019-08-16 21:40:07,475 ERROR [main] - System.err - Warning: NLS unused message: AnnotateClassFile_label in: org.eclipse.jdt.internal.ui.javaeditor.JavaEditorMessages
2019-08-16 21:40:08,785 ERROR [main] - System.err - Warning: NLS unused message: RunnerBootpathError in: org.eclipse.jdt.internal.launching.LaunchingMessages
2019-08-16 21:40:08,785 ERROR [main] - System.err - Warning: NLS unused message: RunnerBootpathPError in: org.eclipse.jdt.internal.launching.LaunchingMessages
2019-08-16 21:40:10,586 ERROR [main] - System.err - Warning: NLS unused message: TextEditorPreferencePage_enableWordWrap in: org.eclipse.ui.internal.editors.text.TextEditorMessages
2019-08-16 21:40:12,136 ERROR [Worker-3] - System.err - Warning: NLS unused message: Pre_neon2_pref_value_everyday in: org.eclipse.equinox.internal.p2.ui.sdk.scheduler.messages
2019-08-16 21:40:15,525 ERROR [main] - System.err - Warning: NLS unused message: RemoveAllTriggerPointsAction_0 in: org.eclipse.debug.internal.ui.actions.ActionMessages
2019-08-16 21:40:15,525 ERROR [main] - System.err - Warning: NLS unused message: RemoveAllTriggerPointsAction_1 in: org.eclipse.debug.internal.ui.actions.ActionMessages
2019-08-16 21:40:15,525 ERROR [main] - System.err - Warning: NLS unused message: RunToLineAction_2 in: org.eclipse.debug.internal.ui.actions.ActionMessages
2019-08-16 21:40:15,525 ERROR [main] - System.err - Warning: NLS unused message: RunToLineAction_3 in: org.eclipse.debug.internal.ui.actions.ActionMessages
2019-08-16 21:40:15,525 ERROR [main] - System.err - Warning: NLS unused message: TerminateAndLaunchFailure in: org.eclipse.debug.internal.ui.actions.ActionMessages
2019-08-16 21:43:40,752 ERROR [main] - System.err - Warning: NLS unused message: TracepointToggleAction_Unavailable in: org.eclipse.jdt.internal.debug.ui.actions.ActionMessages
2019-08-16 23:08:12,475 ERROR [Info view input computer] - System.err - Warning: NLS unused message: JavadocHover_fallback_warning in: org.eclipse.jdt.internal.ui.text.java.hover.JavaHoverMessages
2019-08-16 23:08:37,346 ERROR [Worker-20] - System.err - Warning: NLS unused message: jobs_returnNoStatus in: org.eclipse.core.internal.jobs.messages
2019-08-16 23:09:21,378 ERROR [Info view input computer] - System.err - Warning: NLS unused message: JavaDoc2HTMLTextReader_type_parameters_section in: org.eclipse.jdt.internal.ui.text.javadoc.JavaDocMessages
2019-08-16 23:11:19,189 ERROR [main] - System.err - Warning: NLS unused message: LocalCorrectionsSubProcessor_implement_method_description in: org.eclipse.jdt.internal.ui.text.correction.CorrectionMessages
2019-08-16 23:11:19,190 ERROR [main] - System.err - Warning: NLS unused message: LocalCorrectionsSubProcessor_override_default_method_description in: org.eclipse.jdt.internal.ui.text.correction.CorrectionMessages
2019-08-16 23:11:19,190 ERROR [main] - System.err - Warning: NLS unused message: LocalCorrectionsSubProcessor_override_method_description in: org.eclipse.jdt.internal.ui.text.correction.CorrectionMessages
2019-08-16 23:11:19,190 ERROR [main] - System.err - Warning: NLS unused message: LocalCorrectionsSubProcessor_replace_with_unqualified_enum_constant in: org.eclipse.jdt.internal.ui.text.correction.CorrectionMessages
2019-08-16 23:11:19,190 ERROR [main] - System.err - Warning: NLS unused message: ConfigureProblemSeveritySubProcessor_name in: org.eclipse.jdt.internal.ui.text.correction.CorrectionMessages
2019-08-17 00:06:30,806 ERROR [main] - System.err - Warning: NLS unused message: JavaJRETab_10 in: org.eclipse.jdt.internal.debug.ui.launcher.LauncherMessages
2019-08-17 00:06:30,806 ERROR [main] - System.err - Warning: NLS unused message: JavaJRETab_11 in: org.eclipse.jdt.internal.debug.ui.launcher.LauncherMessages
2019-08-17 00:06:30,806 ERROR [main] - System.err - Warning: NLS unused message: JavaJRETab_12 in: org.eclipse.jdt.internal.debug.ui.launcher.LauncherMessages
2019-08-17 00:06:30,806 ERROR [main] - System.err - Warning: NLS unused message: JavaJRETab_13 in: org.eclipse.jdt.internal.debug.ui.launcher.LauncherMessages
2019-08-17 00:06:30,806 ERROR [main] - System.err - Warning: NLS unused message: JavaDependenciesTab_0 in: org.eclipse.jdt.internal.debug.ui.launcher.LauncherMessages
2019-08-17 00:06:30,807 ERROR [main] - System.err - Warning: NLS unused message: JavaDependenciesTab_Dependencies_3 in: org.eclipse.jdt.internal.debug.ui.launcher.LauncherMessages
2019-08-17 00:06:31,300 ERROR [main] - System.err - Warning: NLS unused message: GroupLaunch_Cannot_launch in: org.eclipse.debug.internal.ui.DebugUIMessages
2019-08-17 00:06:31,301 ERROR [main] - System.err - Warning: NLS unused message: GroupLaunch_Cycle in: org.eclipse.debug.internal.ui.DebugUIMessages
2019-08-17 00:06:31,301 ERROR [main] - System.err - Warning: NLS unused message: GroupLaunch_Error in: org.eclipse.debug.internal.ui.DebugUIMessages
2019-08-17 00:06:31,301 ERROR [main] - System.err - Warning: NLS unused message: GroupLaunchConfigurationSelectionDialog_0 in: org.eclipse.debug.internal.ui.DebugUIMessages
2019-08-17 00:06:31,301 ERROR [main] - System.err - Warning: NLS unused message: GroupLaunchConfigurationSelectionDialog_4 in: org.eclipse.debug.internal.ui.DebugUIMessages
2019-08-17 00:06:31,301 ERROR [main] - System.err - Warning: NLS unused message: GroupLaunchConfigurationSelectionDialog_5 in: org.eclipse.debug.internal.ui.DebugUIMessages
2019-08-17 00:06:31,301 ERROR [main] - System.err - Warning: NLS unused message: GroupLaunchConfigurationSelectionDialog_7 in: org.eclipse.debug.internal.ui.DebugUIMessages
2019-08-17 00:06:31,301 ERROR [main] - System.err - Warning: NLS unused message: GroupLaunchConfigurationSelectionDialog_8 in: org.eclipse.debug.internal.ui.DebugUIMessages
2019-08-17 00:06:31,301 ERROR [main] - System.err - Warning: NLS unused message: GroupLaunchConfigurationSelectionDialog_9 in: org.eclipse.debug.internal.ui.DebugUIMessages
2019-08-17 00:06:31,302 ERROR [main] - System.err - Warning: NLS unused message: GroupLaunchConfigurationSelectionDialog_1 in: org.eclipse.debug.internal.ui.DebugUIMessages
2019-08-17 00:06:31,302 ERROR [main] - System.err - Warning: NLS unused message: GroupLaunchConfigurationSelectionDialog_10 in: org.eclipse.debug.internal.ui.DebugUIMessages
2019-08-17 00:06:31,302 ERROR [main] - System.err - Warning: NLS unused message: GroupLaunchConfigurationSelectionDialog_11 in: org.eclipse.debug.internal.ui.DebugUIMessages
2019-08-17 00:06:31,302 ERROR [main] - System.err - Warning: NLS unused message: GroupLaunchConfigurationSelectionDialog_12 in: org.eclipse.debug.internal.ui.DebugUIMessages
2019-08-17 00:06:31,302 ERROR [main] - System.err - Warning: NLS unused message: GroupLaunchConfigurationSelectionDialog_13 in: org.eclipse.debug.internal.ui.DebugUIMessages
2019-08-17 00:06:31,302 ERROR [main] - System.err - Warning: NLS unused message: GroupLaunchConfigurationSelectionDialog_14 in: org.eclipse.debug.internal.ui.DebugUIMessages
2019-08-17 00:06:31,302 ERROR [main] - System.err - Warning: NLS unused message: GroupLaunchConfigurationSelectionDialog_15 in: org.eclipse.debug.internal.ui.DebugUIMessages
2019-08-17 00:06:31,302 ERROR [main] - System.err - Warning: NLS unused message: GroupLaunchConfigurationSelectionDialog_adoptTooltip in: org.eclipse.debug.internal.ui.DebugUIMessages
2019-08-17 00:06:31,302 ERROR [main] - System.err - Warning: NLS unused message: GroupLaunchConfigurationSelectionDialog_errorNoRegexp in: org.eclipse.debug.internal.ui.DebugUIMessages
2019-08-17 00:06:31,302 ERROR [main] - System.err - Warning: NLS unused message: GroupLaunchConfigurationSelectionDialog_regexp in: org.eclipse.debug.internal.ui.DebugUIMessages
2019-08-17 00:06:31,302 ERROR [main] - System.err - Warning: NLS unused message: GroupLaunchConfigurationTabGroup_0 in: org.eclipse.debug.internal.ui.DebugUIMessages
2019-08-17 00:06:31,302 ERROR [main] - System.err - Warning: NLS unused message: GroupLaunchConfigurationTabGroup_1 in: org.eclipse.debug.internal.ui.DebugUIMessages
2019-08-17 00:06:31,302 ERROR [main] - System.err - Warning: NLS unused message: GroupLaunchConfigurationTabGroup_2 in: org.eclipse.debug.internal.ui.DebugUIMessages
2019-08-17 00:06:31,303 ERROR [main] - System.err - Warning: NLS unused message: GroupLaunchConfigurationTabGroup_3 in: org.eclipse.debug.internal.ui.DebugUIMessages
2019-08-17 00:06:31,303 ERROR [main] - System.err - Warning: NLS unused message: GroupLaunchConfigurationTabGroup_4 in: org.eclipse.debug.internal.ui.DebugUIMessages
2019-08-17 00:06:31,303 ERROR [main] - System.err - Warning: NLS unused message: GroupLaunchConfigurationTabGroup_5 in: org.eclipse.debug.internal.ui.DebugUIMessages
2019-08-17 00:06:31,303 ERROR [main] - System.err - Warning: NLS unused message: GroupLaunchConfigurationTabGroup_6 in: org.eclipse.debug.internal.ui.DebugUIMessages
2019-08-17 00:06:31,303 ERROR [main] - System.err - Warning: NLS unused message: GroupLaunchConfigurationTabGroup_7 in: org.eclipse.debug.internal.ui.DebugUIMessages
2019-08-17 00:06:31,303 ERROR [main] - System.err - Warning: NLS unused message: GroupLaunchConfigurationTabGroup_10 in: org.eclipse.debug.internal.ui.DebugUIMessages
2019-08-17 00:06:31,303 ERROR [main] - System.err - Warning: NLS unused message: GroupLaunchConfigurationTabGroup_12 in: org.eclipse.debug.internal.ui.DebugUIMessages
2019-08-17 00:06:31,303 ERROR [main] - System.err - Warning: NLS unused message: GroupLaunchConfigurationTabGroup_13 in: org.eclipse.debug.internal.ui.DebugUIMessages
2019-08-17 00:06:31,303 ERROR [main] - System.err - Warning: NLS unused message: GroupLaunchConfigurationTabGroup_14 in: org.eclipse.debug.internal.ui.DebugUIMessages
2019-08-17 00:06:31,303 ERROR [main] - System.err - Warning: NLS unused message: GroupLaunchConfigurationTabGroup_15 in: org.eclipse.debug.internal.ui.DebugUIMessages
2019-08-17 00:06:31,303 ERROR [main] - System.err - Warning: NLS unused message: GroupLaunchConfigurationTabGroup_16 in: org.eclipse.debug.internal.ui.DebugUIMessages
2019-08-17 00:06:31,403 ERROR [Worker-24] - System.err - Warning: NLS unused message: JavaDebugPreferencePage_Enable_hot_code_replace_1 in: org.eclipse.jdt.internal.debug.ui.DebugUIMessages
2019-08-17 00:06:31,403 ERROR [Worker-24] - System.err - Warning: NLS unused message: JavaDebugPreferencePage_ShowStepResult_1 in: org.eclipse.jdt.internal.debug.ui.DebugUIMessages
2019-08-17 00:06:31,404 ERROR [Worker-24] - System.err - Warning: NLS unused message: JavaDebugPreferencePage_filterUnrelatedBreakpoints in: org.eclipse.jdt.internal.debug.ui.DebugUIMessages
2019-08-17 00:06:31,489 ERROR [main] - System.err - Warning: NLS unused message: CommonTab_Invalid_stdin_file_location_15 in: org.eclipse.debug.internal.ui.launchConfigurations.LaunchConfigurationsMessages
2019-08-17 00:06:31,489 ERROR [main] - System.err - Warning: NLS unused message: CommonTab_Select_a_location_for_the_Input_File_15 in: org.eclipse.debug.internal.ui.launchConfigurations.LaunchConfigurationsMessages
2019-08-17 00:06:31,490 ERROR [main] - System.err - Warning: NLS unused message: CommonTab_16 in: org.eclipse.debug.internal.ui.launchConfigurations.LaunchConfigurationsMessages
2019-08-17 00:06:31,490 ERROR [main] - System.err - Warning: NLS unused message: CommonTab_17 in: org.eclipse.debug.internal.ui.launchConfigurations.LaunchConfigurationsMessages
2019-08-17 00:06:31,490 ERROR [main] - System.err - Warning: NLS unused message: CommonTab_18 in: org.eclipse.debug.internal.ui.launchConfigurations.LaunchConfigurationsMessages
2019-08-17 00:06:31,490 ERROR [main] - System.err - Warning: NLS unused message: CommonTab_19 in: org.eclipse.debug.internal.ui.launchConfigurations.LaunchConfigurationsMessages
2019-08-17 00:06:31,490 ERROR [main] - System.err - Warning: NLS unused message: CommonTab_20 in: org.eclipse.debug.internal.ui.launchConfigurations.LaunchConfigurationsMessages
2019-08-17 00:06:36,194 ERROR [Worker-25] - System.err - Warning: NLS unused message: ProcessConsole_3 in: org.eclipse.debug.internal.ui.views.console.ConsoleMessages
2019-08-17 00:06:36,196 ERROR [main] - System.err - Warning: NLS unused message: WordWrapAction_0 in: org.eclipse.ui.internal.console.ConsoleMessages
2019-08-17 00:06:36,196 ERROR [main] - System.err - Warning: NLS unused message: WordWrapAction_1 in: org.eclipse.ui.internal.console.ConsoleMessages
2019-08-17 00:36:57,486 ERROR [main] - System.err - Warning: NLS unused message: ClassFileEditor_changeExternalAnnotations_caption in: org.eclipse.jdt.internal.ui.javaeditor.JavaEditorMessages
2019-08-17 00:36:57,488 ERROR [main] - System.err - Warning: NLS unused message: AnnotateClassFile_label in: org.eclipse.jdt.internal.ui.javaeditor.JavaEditorMessages
2019-08-17 00:36:58,417 ERROR [main] - System.err - Warning: NLS unused message: RunnerBootpathError in: org.eclipse.jdt.internal.launching.LaunchingMessages
2019-08-17 00:36:58,417 ERROR [main] - System.err - Warning: NLS unused message: RunnerBootpathPError in: org.eclipse.jdt.internal.launching.LaunchingMessages
2019-08-17 00:36:59,168 ERROR [main] - System.err - Warning: NLS unused message: WordWrapAction_0 in: org.eclipse.ui.internal.console.ConsoleMessages
2019-08-17 00:36:59,168 ERROR [main] - System.err - Warning: NLS unused message: WordWrapAction_1 in: org.eclipse.ui.internal.console.ConsoleMessages
2019-08-17 00:36:59,328 ERROR [main] - System.err - Warning: NLS unused message: TextEditorPreferencePage_enableWordWrap in: org.eclipse.ui.internal.editors.text.TextEditorMessages
2019-08-17 00:36:59,971 ERROR [Worker-3] - System.err - Warning: NLS unused message: Pre_neon2_pref_value_everyday in: org.eclipse.equinox.internal.p2.ui.sdk.scheduler.messages
2019-08-17 00:37:02,053 ERROR [main] - System.err - Warning: NLS unused message: RemoveAllTriggerPointsAction_0 in: org.eclipse.debug.internal.ui.actions.ActionMessages
2019-08-17 00:37:02,053 ERROR [main] - System.err - Warning: NLS unused message: RemoveAllTriggerPointsAction_1 in: org.eclipse.debug.internal.ui.actions.ActionMessages
2019-08-17 00:37:02,053 ERROR [main] - System.err - Warning: NLS unused message: RunToLineAction_2 in: org.eclipse.debug.internal.ui.actions.ActionMessages
2019-08-17 00:37:02,053 ERROR [main] - System.err - Warning: NLS unused message: RunToLineAction_3 in: org.eclipse.debug.internal.ui.actions.ActionMessages
2019-08-17 00:37:02,053 ERROR [main] - System.err - Warning: NLS unused message: TerminateAndLaunchFailure in: org.eclipse.debug.internal.ui.actions.ActionMessages
2019-08-17 00:37:02,508 ERROR [main] - System.err - Warning: NLS unused message: TracepointToggleAction_Unavailable in: org.eclipse.jdt.internal.debug.ui.actions.ActionMessages
2019-08-17 00:37:38,173 ERROR [Framework stop] - System.err - Warning: NLS unused message: jobs_returnNoStatus in: org.eclipse.core.internal.jobs.messages
